[0.007s] Invoking command in '/home/broodjesemih/homework_ws/build/broodje_interfaces': CMAKE_PREFIX_PATH=${CMAKE_PREFIX_PATH}:/opt/ros/jazzy /usr/bin/cmake --build /home/broodjesemih/homework_ws/build/broodje_interfaces -- -j20 -l20
[0.051s] [  2%] Built target broodje_interfaces__rosidl_generator_type_description
[0.061s] [  2%] Built target ament_cmake_python_copy_broodje_interfaces
[0.075s] [  5%] Built target broodje_interfaces__cpp
[0.077s] [ 20%] Built target broodje_interfaces__rosidl_generator_c
[0.098s] [ 29%] Built target broodje_interfaces__rosidl_typesupport_c
[0.101s] [ 44%] Built target broodje_interfaces__rosidl_typesupport_cpp
[0.102s] [ 47%] Built target broodje_interfaces__rosidl_typesupport_fastrtps_cpp
[0.103s] [ 55%] Built target broodje_interfaces__rosidl_typesupport_fastrtps_c
[0.104s] [ 64%] Built target broodje_interfaces__rosidl_typesupport_introspection_c
[0.104s] [ 73%] Built target broodje_interfaces__rosidl_typesupport_introspection_cpp
[0.119s] [ 73%] Built target broodje_interfaces
[0.133s] [ 76%] Built target broodje_interfaces__py
[0.150s] [ 82%] Built target broodje_interfaces__rosidl_generator_py
[0.165s] [ 88%] Built target broodje_interfaces_s__rosidl_typesupport_introspection_c
[0.166s] [ 94%] Built target broodje_interfaces_s__rosidl_typesupport_c
[0.166s] [100%] Built target broodje_interfaces_s__rosidl_typesupport_fastrtps_c
[0.197s] running egg_info
[0.206s] writing broodje_interfaces.egg-info/PKG-INFO
[0.206s] writing dependency_links to broodje_interfaces.egg-info/dependency_links.txt
[0.206s] writing top-level names to broodje_interfaces.egg-info/top_level.txt
[0.233s] reading manifest file 'broodje_interfaces.egg-info/SOURCES.txt'
[0.233s] writing manifest file 'broodje_interfaces.egg-info/SOURCES.txt'
[0.252s] [100%] Built target ament_cmake_python_build_broodje_interfaces_egg
[0.261s] Invoked command in '/home/broodjesemih/homework_ws/build/broodje_interfaces' returned '0': CMAKE_PREFIX_PATH=${CMAKE_PREFIX_PATH}:/opt/ros/jazzy /usr/bin/cmake --build /home/broodjesemih/homework_ws/build/broodje_interfaces -- -j20 -l20
[0.268s] Invoking command in '/home/broodjesemih/homework_ws/build/broodje_interfaces': CMAKE_PREFIX_PATH=${CMAKE_PREFIX_PATH}:/opt/ros/jazzy /usr/bin/cmake --install /home/broodjesemih/homework_ws/build/broodje_interfaces
[0.273s] -- Install configuration: ""
[0.273s] -- Up-to-date: /home/broodjesemih/homework_ws/install/broodje_interfaces/share/ament_index/resource_index/rosidl_interfaces/broodje_interfaces
[0.273s] -- Up-to-date: /home/broodjesemih/homework_ws/install/broodje_interfaces/share/broodje_interfaces/msg/NameNumber.json
[0.273s] -- Up-to-date: /home/broodjesemih/homework_ws/install/broodje_interfaces/include/broodje_interfaces/broodje_interfaces
[0.273s] -- Up-to-date: /home/broodjesemih/homework_ws/install/broodje_interfaces/include/broodje_interfaces/broodje_interfaces/msg
[0.273s] -- Up-to-date: /home/broodjesemih/homework_ws/install/broodje_interfaces/include/broodje_interfaces/broodje_interfaces/msg/rosidl_generator_c__visibility_control.h
[0.273s] -- Up-to-date: /home/broodjesemih/homework_ws/install/broodje_interfaces/include/broodje_interfaces/broodje_interfaces/msg/detail
[0.274s] -- Up-to-date: /home/broodjesemih/homework_ws/install/broodje_interfaces/include/broodje_interfaces/broodje_interfaces/msg/detail/name_number__description.c
[0.274s] -- Up-to-date: /home/broodjesemih/homework_ws/install/broodje_interfaces/include/broodje_interfaces/broodje_interfaces/msg/detail/name_number__functions.c
[0.274s] -- Up-to-date: /home/broodjesemih/homework_ws/install/broodje_interfaces/include/broodje_interfaces/broodje_interfaces/msg/detail/name_number__functions.h
[0.274s] -- Up-to-date: /home/broodjesemih/homework_ws/install/broodje_interfaces/include/broodje_interfaces/broodje_interfaces/msg/detail/name_number__struct.h
[0.274s] -- Up-to-date: /home/broodjesemih/homework_ws/install/broodje_interfaces/include/broodje_interfaces/broodje_interfaces/msg/detail/name_number__type_support.h
[0.274s] -- Up-to-date: /home/broodjesemih/homework_ws/install/broodje_interfaces/include/broodje_interfaces/broodje_interfaces/msg/detail/name_number__type_support.c
[0.274s] -- Up-to-date: /home/broodjesemih/homework_ws/install/broodje_interfaces/include/broodje_interfaces/broodje_interfaces/msg/name_number.h
[0.274s] -- Up-to-date: /home/broodjesemih/homework_ws/install/broodje_interfaces/share/broodje_interfaces/environment/library_path.sh
[0.274s] -- Up-to-date: /home/broodjesemih/homework_ws/install/broodje_interfaces/share/broodje_interfaces/environment/library_path.dsv
[0.274s] -- Up-to-date: /home/broodjesemih/homework_ws/install/broodje_interfaces/lib/libbroodje_interfaces__rosidl_generator_c.so
[0.274s] -- Up-to-date: /home/broodjesemih/homework_ws/install/broodje_interfaces/include/broodje_interfaces/broodje_interfaces
[0.275s] -- Up-to-date: /home/broodjesemih/homework_ws/install/broodje_interfaces/include/broodje_interfaces/broodje_interfaces/msg
[0.275s] -- Up-to-date: /home/broodjesemih/homework_ws/install/broodje_interfaces/include/broodje_interfaces/broodje_interfaces/msg/detail
[0.275s] -- Up-to-date: /home/broodjesemih/homework_ws/install/broodje_interfaces/include/broodje_interfaces/broodje_interfaces/msg/detail/name_number__rosidl_typesupport_fastrtps_c.h
[0.275s] -- Up-to-date: /home/broodjesemih/homework_ws/install/broodje_interfaces/include/broodje_interfaces/broodje_interfaces/msg/rosidl_typesupport_fastrtps_c__visibility_control.h
[0.275s] -- Up-to-date: /home/broodjesemih/homework_ws/install/broodje_interfaces/lib/libbroodje_interfaces__rosidl_typesupport_fastrtps_c.so
[0.275s] -- Up-to-date: /home/broodjesemih/homework_ws/install/broodje_interfaces/include/broodje_interfaces/broodje_interfaces
[0.275s] -- Up-to-date: /home/broodjesemih/homework_ws/install/broodje_interfaces/include/broodje_interfaces/broodje_interfaces/msg
[0.275s] -- Up-to-date: /home/broodjesemih/homework_ws/install/broodje_interfaces/include/broodje_interfaces/broodje_interfaces/msg/rosidl_typesupport_introspection_c__visibility_control.h
[0.275s] -- Up-to-date: /home/broodjesemih/homework_ws/install/broodje_interfaces/include/broodje_interfaces/broodje_interfaces/msg/detail
[0.275s] -- Up-to-date: /home/broodjesemih/homework_ws/install/broodje_interfaces/include/broodje_interfaces/broodje_interfaces/msg/detail/name_number__rosidl_typesupport_introspection_c.h
[0.275s] -- Up-to-date: /home/broodjesemih/homework_ws/install/broodje_interfaces/include/broodje_interfaces/broodje_interfaces/msg/detail/name_number__type_support.c
[0.275s] -- Up-to-date: /home/broodjesemih/homework_ws/install/broodje_interfaces/lib/libbroodje_interfaces__rosidl_typesupport_introspection_c.so
[0.275s] -- Up-to-date: /home/broodjesemih/homework_ws/install/broodje_interfaces/lib/libbroodje_interfaces__rosidl_typesupport_c.so
[0.275s] -- Up-to-date: /home/broodjesemih/homework_ws/install/broodje_interfaces/include/broodje_interfaces/broodje_interfaces
[0.276s] -- Up-to-date: /home/broodjesemih/homework_ws/install/broodje_interfaces/include/broodje_interfaces/broodje_interfaces/msg
[0.276s] -- Up-to-date: /home/broodjesemih/homework_ws/install/broodje_interfaces/include/broodje_interfaces/broodje_interfaces/msg/rosidl_generator_cpp__visibility_control.hpp
[0.276s] -- Up-to-date: /home/broodjesemih/homework_ws/install/broodje_interfaces/include/broodje_interfaces/broodje_interfaces/msg/detail
[0.276s] -- Up-to-date: /home/broodjesemih/homework_ws/install/broodje_interfaces/include/broodje_interfaces/broodje_interfaces/msg/detail/name_number__builder.hpp
[0.276s] -- Up-to-date: /home/broodjesemih/homework_ws/install/broodje_interfaces/include/broodje_interfaces/broodje_interfaces/msg/detail/name_number__traits.hpp
[0.276s] -- Up-to-date: /home/broodjesemih/homework_ws/install/broodje_interfaces/include/broodje_interfaces/broodje_interfaces/msg/detail/name_number__type_support.hpp
[0.276s] -- Up-to-date: /home/broodjesemih/homework_ws/install/broodje_interfaces/include/broodje_interfaces/broodje_interfaces/msg/detail/name_number__struct.hpp
[0.276s] -- Up-to-date: /home/broodjesemih/homework_ws/install/broodje_interfaces/include/broodje_interfaces/broodje_interfaces/msg/name_number.hpp
[0.276s] -- Up-to-date: /home/broodjesemih/homework_ws/install/broodje_interfaces/include/broodje_interfaces/broodje_interfaces
[0.276s] -- Up-to-date: /home/broodjesemih/homework_ws/install/broodje_interfaces/include/broodje_interfaces/broodje_interfaces/msg
[0.276s] -- Up-to-date: /home/broodjesemih/homework_ws/install/broodje_interfaces/include/broodje_interfaces/broodje_interfaces/msg/rosidl_typesupport_fastrtps_cpp__visibility_control.h
[0.276s] -- Up-to-date: /home/broodjesemih/homework_ws/install/broodje_interfaces/include/broodje_interfaces/broodje_interfaces/msg/detail
[0.276s] -- Up-to-date: /home/broodjesemih/homework_ws/install/broodje_interfaces/include/broodje_interfaces/broodje_interfaces/msg/detail/name_number__rosidl_typesupport_fastrtps_cpp.hpp
[0.276s] -- Up-to-date: /home/broodjesemih/homework_ws/install/broodje_interfaces/include/broodje_interfaces/broodje_interfaces/msg/detail/dds_fastrtps
[0.277s] -- Up-to-date: /home/broodjesemih/homework_ws/install/broodje_interfaces/lib/libbroodje_interfaces__rosidl_typesupport_fastrtps_cpp.so
[0.277s] -- Up-to-date: /home/broodjesemih/homework_ws/install/broodje_interfaces/include/broodje_interfaces/broodje_interfaces
[0.277s] -- Up-to-date: /home/broodjesemih/homework_ws/install/broodje_interfaces/include/broodje_interfaces/broodje_interfaces/msg
[0.277s] -- Up-to-date: /home/broodjesemih/homework_ws/install/broodje_interfaces/include/broodje_interfaces/broodje_interfaces/msg/detail
[0.277s] -- Up-to-date: /home/broodjesemih/homework_ws/install/broodje_interfaces/include/broodje_interfaces/broodje_interfaces/msg/detail/name_number__rosidl_typesupport_introspection_cpp.hpp
[0.277s] -- Up-to-date: /home/broodjesemih/homework_ws/install/broodje_interfaces/include/broodje_interfaces/broodje_interfaces/msg/detail/name_number__type_support.cpp
[0.277s] -- Up-to-date: /home/broodjesemih/homework_ws/install/broodje_interfaces/lib/libbroodje_interfaces__rosidl_typesupport_introspection_cpp.so
[0.277s] -- Up-to-date: /home/broodjesemih/homework_ws/install/broodje_interfaces/lib/libbroodje_interfaces__rosidl_typesupport_cpp.so
[0.277s] -- Up-to-date: /home/broodjesemih/homework_ws/install/broodje_interfaces/share/broodje_interfaces/environment/pythonpath.sh
[0.277s] -- Up-to-date: /home/broodjesemih/homework_ws/install/broodje_interfaces/share/broodje_interfaces/environment/pythonpath.dsv
[0.277s] -- Up-to-date: /home/broodjesemih/homework_ws/install/broodje_interfaces/lib/python3.12/site-packages/broodje_interfaces-0.0.0-py3.12.egg-info
[0.277s] -- Installing: /home/broodjesemih/homework_ws/install/broodje_interfaces/lib/python3.12/site-packages/broodje_interfaces-0.0.0-py3.12.egg-info/top_level.txt
[0.277s] -- Installing: /home/broodjesemih/homework_ws/install/broodje_interfaces/lib/python3.12/site-packages/broodje_interfaces-0.0.0-py3.12.egg-info/dependency_links.txt
[0.277s] -- Installing: /home/broodjesemih/homework_ws/install/broodje_interfaces/lib/python3.12/site-packages/broodje_interfaces-0.0.0-py3.12.egg-info/SOURCES.txt
[0.277s] -- Installing: /home/broodjesemih/homework_ws/install/broodje_interfaces/lib/python3.12/site-packages/broodje_interfaces-0.0.0-py3.12.egg-info/PKG-INFO
[0.278s] -- Up-to-date: /home/broodjesemih/homework_ws/install/broodje_interfaces/lib/python3.12/site-packages/broodje_interfaces
[0.278s] -- Up-to-date: /home/broodjesemih/homework_ws/install/broodje_interfaces/lib/python3.12/site-packages/broodje_interfaces/_broodje_interfaces_s.ep.rosidl_typesupport_introspection_c.c
[0.278s] -- Up-to-date: /home/broodjesemih/homework_ws/install/broodje_interfaces/lib/python3.12/site-packages/broodje_interfaces/_broodje_interfaces_s.ep.rosidl_typesupport_c.c
[0.278s] -- Up-to-date: /home/broodjesemih/homework_ws/install/broodje_interfaces/lib/python3.12/site-packages/broodje_interfaces/broodje_interfaces_s__rosidl_typesupport_c.so
[0.278s] -- Up-to-date: /home/broodjesemih/homework_ws/install/broodje_interfaces/lib/python3.12/site-packages/broodje_interfaces/msg
[0.278s] -- Up-to-date: /home/broodjesemih/homework_ws/install/broodje_interfaces/lib/python3.12/site-packages/broodje_interfaces/msg/_name_number.py
[0.278s] -- Up-to-date: /home/broodjesemih/homework_ws/install/broodje_interfaces/lib/python3.12/site-packages/broodje_interfaces/msg/_name_number_s.c
[0.278s] -- Up-to-date: /home/broodjesemih/homework_ws/install/broodje_interfaces/lib/python3.12/site-packages/broodje_interfaces/msg/__init__.py
[0.278s] -- Up-to-date: /home/broodjesemih/homework_ws/install/broodje_interfaces/lib/python3.12/site-packages/broodje_interfaces/broodje_interfaces_s__rosidl_typesupport_fastrtps_c.so
[0.278s] -- Up-to-date: /home/broodjesemih/homework_ws/install/broodje_interfaces/lib/python3.12/site-packages/broodje_interfaces/_broodje_interfaces_s.ep.rosidl_typesupport_fastrtps_c.c
[0.278s] -- Up-to-date: /home/broodjesemih/homework_ws/install/broodje_interfaces/lib/python3.12/site-packages/broodje_interfaces/broodje_interfaces_s__rosidl_typesupport_introspection_c.so
[0.278s] -- Up-to-date: /home/broodjesemih/homework_ws/install/broodje_interfaces/lib/python3.12/site-packages/broodje_interfaces/__init__.py
[0.297s] Listing '/home/broodjesemih/homework_ws/install/broodje_interfaces/lib/python3.12/site-packages/broodje_interfaces'...
[0.297s] Listing '/home/broodjesemih/homework_ws/install/broodje_interfaces/lib/python3.12/site-packages/broodje_interfaces/msg'...
[0.300s] -- Up-to-date: /home/broodjesemih/homework_ws/install/broodje_interfaces/lib/python3.12/site-packages/broodje_interfaces/broodje_interfaces_s__rosidl_typesupport_fastrtps_c.so
[0.300s] -- Up-to-date: /home/broodjesemih/homework_ws/install/broodje_interfaces/lib/python3.12/site-packages/broodje_interfaces/broodje_interfaces_s__rosidl_typesupport_introspection_c.so
[0.300s] -- Up-to-date: /home/broodjesemih/homework_ws/install/broodje_interfaces/lib/python3.12/site-packages/broodje_interfaces/broodje_interfaces_s__rosidl_typesupport_c.so
[0.300s] -- Up-to-date: /home/broodjesemih/homework_ws/install/broodje_interfaces/lib/libbroodje_interfaces__rosidl_generator_py.so
[0.300s] -- Up-to-date: /home/broodjesemih/homework_ws/install/broodje_interfaces/share/broodje_interfaces/msg/NameNumber.idl
[0.300s] -- Up-to-date: /home/broodjesemih/homework_ws/install/broodje_interfaces/share/broodje_interfaces/msg/NameNumber.msg
[0.300s] -- Up-to-date: /home/broodjesemih/homework_ws/install/broodje_interfaces/share/ament_index/resource_index/package_run_dependencies/broodje_interfaces
[0.301s] -- Up-to-date: /home/broodjesemih/homework_ws/install/broodje_interfaces/share/ament_index/resource_index/parent_prefix_path/broodje_interfaces
[0.301s] -- Up-to-date: /home/broodjesemih/homework_ws/install/broodje_interfaces/share/broodje_interfaces/environment/ament_prefix_path.sh
[0.301s] -- Up-to-date: /home/broodjesemih/homework_ws/install/broodje_interfaces/share/broodje_interfaces/environment/ament_prefix_path.dsv
[0.301s] -- Up-to-date: /home/broodjesemih/homework_ws/install/broodje_interfaces/share/broodje_interfaces/environment/path.sh
[0.301s] -- Up-to-date: /home/broodjesemih/homework_ws/install/broodje_interfaces/share/broodje_interfaces/environment/path.dsv
[0.301s] -- Up-to-date: /home/broodjesemih/homework_ws/install/broodje_interfaces/share/broodje_interfaces/local_setup.bash
[0.301s] -- Up-to-date: /home/broodjesemih/homework_ws/install/broodje_interfaces/share/broodje_interfaces/local_setup.sh
[0.301s] -- Up-to-date: /home/broodjesemih/homework_ws/install/broodje_interfaces/share/broodje_interfaces/local_setup.zsh
[0.301s] -- Up-to-date: /home/broodjesemih/homework_ws/install/broodje_interfaces/share/broodje_interfaces/local_setup.dsv
[0.301s] -- Installing: /home/broodjesemih/homework_ws/install/broodje_interfaces/share/broodje_interfaces/package.dsv
[0.301s] -- Up-to-date: /home/broodjesemih/homework_ws/install/broodje_interfaces/share/ament_index/resource_index/packages/broodje_interfaces
[0.301s] -- Up-to-date: /home/broodjesemih/homework_ws/install/broodje_interfaces/share/broodje_interfaces/cmake/export_broodje_interfaces__rosidl_generator_cExport.cmake
[0.301s] -- Up-to-date: /home/broodjesemih/homework_ws/install/broodje_interfaces/share/broodje_interfaces/cmake/export_broodje_interfaces__rosidl_generator_cExport-noconfig.cmake
[0.301s] -- Up-to-date: /home/broodjesemih/homework_ws/install/broodje_interfaces/share/broodje_interfaces/cmake/export_broodje_interfaces__rosidl_typesupport_fastrtps_cExport.cmake
[0.301s] -- Up-to-date: /home/broodjesemih/homework_ws/install/broodje_interfaces/share/broodje_interfaces/cmake/export_broodje_interfaces__rosidl_typesupport_fastrtps_cExport-noconfig.cmake
[0.301s] -- Up-to-date: /home/broodjesemih/homework_ws/install/broodje_interfaces/share/broodje_interfaces/cmake/broodje_interfaces__rosidl_typesupport_introspection_cExport.cmake
[0.301s] -- Up-to-date: /home/broodjesemih/homework_ws/install/broodje_interfaces/share/broodje_interfaces/cmake/broodje_interfaces__rosidl_typesupport_introspection_cExport-noconfig.cmake
[0.301s] -- Up-to-date: /home/broodjesemih/homework_ws/install/broodje_interfaces/share/broodje_interfaces/cmake/broodje_interfaces__rosidl_typesupport_cExport.cmake
[0.301s] -- Up-to-date: /home/broodjesemih/homework_ws/install/broodje_interfaces/share/broodje_interfaces/cmake/broodje_interfaces__rosidl_typesupport_cExport-noconfig.cmake
[0.301s] -- Up-to-date: /home/broodjesemih/homework_ws/install/broodje_interfaces/share/broodje_interfaces/cmake/export_broodje_interfaces__rosidl_generator_cppExport.cmake
[0.301s] -- Up-to-date: /home/broodjesemih/homework_ws/install/broodje_interfaces/share/broodje_interfaces/cmake/export_broodje_interfaces__rosidl_typesupport_fastrtps_cppExport.cmake
[0.301s] -- Up-to-date: /home/broodjesemih/homework_ws/install/broodje_interfaces/share/broodje_interfaces/cmake/export_broodje_interfaces__rosidl_typesupport_fastrtps_cppExport-noconfig.cmake
[0.301s] -- Up-to-date: /home/broodjesemih/homework_ws/install/broodje_interfaces/share/broodje_interfaces/cmake/broodje_interfaces__rosidl_typesupport_introspection_cppExport.cmake
[0.301s] -- Up-to-date: /home/broodjesemih/homework_ws/install/broodje_interfaces/share/broodje_interfaces/cmake/broodje_interfaces__rosidl_typesupport_introspection_cppExport-noconfig.cmake
[0.301s] -- Up-to-date: /home/broodjesemih/homework_ws/install/broodje_interfaces/share/broodje_interfaces/cmake/broodje_interfaces__rosidl_typesupport_cppExport.cmake
[0.301s] -- Up-to-date: /home/broodjesemih/homework_ws/install/broodje_interfaces/share/broodje_interfaces/cmake/broodje_interfaces__rosidl_typesupport_cppExport-noconfig.cmake
[0.301s] -- Up-to-date: /home/broodjesemih/homework_ws/install/broodje_interfaces/share/broodje_interfaces/cmake/export_broodje_interfaces__rosidl_generator_pyExport.cmake
[0.302s] -- Up-to-date: /home/broodjesemih/homework_ws/install/broodje_interfaces/share/broodje_interfaces/cmake/export_broodje_interfaces__rosidl_generator_pyExport-noconfig.cmake
[0.302s] -- Up-to-date: /home/broodjesemih/homework_ws/install/broodje_interfaces/share/broodje_interfaces/cmake/rosidl_cmake-extras.cmake
[0.302s] -- Up-to-date: /home/broodjesemih/homework_ws/install/broodje_interfaces/share/broodje_interfaces/cmake/ament_cmake_export_include_directories-extras.cmake
[0.302s] -- Up-to-date: /home/broodjesemih/homework_ws/install/broodje_interfaces/share/broodje_interfaces/cmake/ament_cmake_export_libraries-extras.cmake
[0.302s] -- Up-to-date: /home/broodjesemih/homework_ws/install/broodje_interfaces/share/broodje_interfaces/cmake/ament_cmake_export_targets-extras.cmake
[0.302s] -- Up-to-date: /home/broodjesemih/homework_ws/install/broodje_interfaces/share/broodje_interfaces/cmake/rosidl_cmake_export_typesupport_targets-extras.cmake
[0.302s] -- Up-to-date: /home/broodjesemih/homework_ws/install/broodje_interfaces/share/broodje_interfaces/cmake/ament_cmake_export_dependencies-extras.cmake
[0.302s] -- Up-to-date: /home/broodjesemih/homework_ws/install/broodje_interfaces/share/broodje_interfaces/cmake/rosidl_cmake_export_typesupport_libraries-extras.cmake
[0.302s] -- Up-to-date: /home/broodjesemih/homework_ws/install/broodje_interfaces/share/broodje_interfaces/cmake/broodje_interfacesConfig.cmake
[0.302s] -- Up-to-date: /home/broodjesemih/homework_ws/install/broodje_interfaces/share/broodje_interfaces/cmake/broodje_interfacesConfig-version.cmake
[0.302s] -- Up-to-date: /home/broodjesemih/homework_ws/install/broodje_interfaces/share/broodje_interfaces/package.xml
[0.302s] Invoked command in '/home/broodjesemih/homework_ws/build/broodje_interfaces' returned '0': CMAKE_PREFIX_PATH=${CMAKE_PREFIX_PATH}:/opt/ros/jazzy /usr/bin/cmake --install /home/broodjesemih/homework_ws/build/broodje_interfaces
