[0.007s] Invoking command in '/home/broodjesemih/homework_ws/build/les_pkg': CMAKE_PREFIX_PATH=${CMAKE_PREFIX_PATH}:/opt/ros/jazzy DEBUGINFOD_URLS=https://debuginfod.ubuntu.com /usr/bin/cmake /home/broodjesemih/homework_ws/src/les_pkg -DCMAKE_INSTALL_PREFIX=/home/broodjesemih/homework_ws/install/les_pkg
[0.051s] -- The C compiler identification is GNU 13.3.0
[0.093s] -- The CXX compiler identification is GNU 13.3.0
[0.109s] -- Detecting C compiler ABI info
[0.200s] -- Detecting C compiler ABI info - done
[0.206s] -- Check for working C compiler: /usr/bin/cc - skipped
[0.207s] -- Detecting C compile features
[0.207s] -- Detecting C compile features - done
[0.214s] -- Detecting CXX compiler ABI info
[0.285s] -- Detecting CXX compiler ABI info - done
[0.291s] -- Check for working CXX compiler: /usr/bin/c++ - skipped
[0.291s] -- Detecting CXX compile features
[0.291s] -- Detecting CXX compile features - done
[0.293s] -- Found ament_cmake: 2.5.4 (/opt/ros/jazzy/share/ament_cmake/cmake)
[0.390s] -- Found Python3: /usr/bin/python3 (found version "3.12.3") found components: Interpreter 
[0.461s] -- Found rclcpp: 28.1.11 (/opt/ros/jazzy/share/rclcpp/cmake)
[0.489s] -- Found rosidl_generator_c: 4.6.6 (/opt/ros/jazzy/share/rosidl_generator_c/cmake)
[0.498s] -- Found rosidl_generator_cpp: 4.6.6 (/opt/ros/jazzy/share/rosidl_generator_cpp/cmake)
[0.508s] -- Using all available rosidl_typesupport_c: rosidl_typesupport_fastrtps_c;rosidl_typesupport_introspection_c
[0.520s] -- Using all available rosidl_typesupport_cpp: rosidl_typesupport_fastrtps_cpp;rosidl_typesupport_introspection_cpp
[0.570s] -- Found rmw_implementation_cmake: 7.3.2 (/opt/ros/jazzy/share/rmw_implementation_cmake/cmake)
[0.572s] -- Found rmw_fastrtps_cpp: 8.4.3 (/opt/ros/jazzy/share/rmw_fastrtps_cpp/cmake)
[0.645s] -- Found OpenSSL: /usr/lib/x86_64-linux-gnu/libcrypto.so (found version "3.0.13")  
[0.660s] -- Found FastRTPS: /opt/ros/jazzy/include (Required is at least version "2.13") 
[0.680s] -- Using RMW implementation 'rmw_fastrtps_cpp' as default
[0.728s] -- Found ament_lint_auto: 0.17.3 (/opt/ros/jazzy/share/ament_lint_auto/cmake)
[0.793s] -- Added test 'lint_cmake' to check CMake code style
[0.794s] -- Added test 'xmllint' to check XML markup files
[0.795s] -- Configuring done (0.8s)
[0.797s] -- Generating done (0.0s)
[0.798s] -- Build files have been written to: /home/broodjesemih/homework_ws/build/les_pkg
[0.804s] Invoked command in '/home/broodjesemih/homework_ws/build/les_pkg' returned '0': CMAKE_PREFIX_PATH=${CMAKE_PREFIX_PATH}:/opt/ros/jazzy DEBUGINFOD_URLS=https://debuginfod.ubuntu.com /usr/bin/cmake /home/broodjesemih/homework_ws/src/les_pkg -DCMAKE_INSTALL_PREFIX=/home/broodjesemih/homework_ws/install/les_pkg
[0.805s] Invoking command in '/home/broodjesemih/homework_ws/build/les_pkg': CMAKE_PREFIX_PATH=${CMAKE_PREFIX_PATH}:/opt/ros/jazzy DEBUGINFOD_URLS=https://debuginfod.ubuntu.com /usr/bin/cmake --build /home/broodjesemih/homework_ws/build/les_pkg -- -j20 -l20
[0.837s] Invoked command in '/home/broodjesemih/homework_ws/build/les_pkg' returned '0': CMAKE_PREFIX_PATH=${CMAKE_PREFIX_PATH}:/opt/ros/jazzy DEBUGINFOD_URLS=https://debuginfod.ubuntu.com /usr/bin/cmake --build /home/broodjesemih/homework_ws/build/les_pkg -- -j20 -l20
[0.844s] Invoking command in '/home/broodjesemih/homework_ws/build/les_pkg': CMAKE_PREFIX_PATH=${CMAKE_PREFIX_PATH}:/opt/ros/jazzy DEBUGINFOD_URLS=https://debuginfod.ubuntu.com /usr/bin/cmake --install /home/broodjesemih/homework_ws/build/les_pkg
[0.851s] -- Install configuration: ""
[0.851s] -- Installing: /home/broodjesemih/homework_ws/install/les_pkg/share/ament_index/resource_index/package_run_dependencies/les_pkg
[0.851s] -- Installing: /home/broodjesemih/homework_ws/install/les_pkg/share/ament_index/resource_index/parent_prefix_path/les_pkg
[0.851s] -- Installing: /home/broodjesemih/homework_ws/install/les_pkg/share/les_pkg/environment/ament_prefix_path.sh
[0.851s] -- Installing: /home/broodjesemih/homework_ws/install/les_pkg/share/les_pkg/environment/ament_prefix_path.dsv
[0.851s] -- Installing: /home/broodjesemih/homework_ws/install/les_pkg/share/les_pkg/environment/path.sh
[0.851s] -- Installing: /home/broodjesemih/homework_ws/install/les_pkg/share/les_pkg/environment/path.dsv
[0.851s] -- Installing: /home/broodjesemih/homework_ws/install/les_pkg/share/les_pkg/local_setup.bash
[0.852s] -- Installing: /home/broodjesemih/homework_ws/install/les_pkg/share/les_pkg/local_setup.sh
[0.852s] -- Installing: /home/broodjesemih/homework_ws/install/les_pkg/share/les_pkg/local_setup.zsh
[0.852s] -- Installing: /home/broodjesemih/homework_ws/install/les_pkg/share/les_pkg/local_setup.dsv
[0.852s] -- Installing: /home/broodjesemih/homework_ws/install/les_pkg/share/les_pkg/package.dsv
[0.852s] -- Installing: /home/broodjesemih/homework_ws/install/les_pkg/share/ament_index/resource_index/packages/les_pkg
[0.852s] -- Installing: /home/broodjesemih/homework_ws/install/les_pkg/share/les_pkg/cmake/les_pkgConfig.cmake
[0.852s] -- Installing: /home/broodjesemih/homework_ws/install/les_pkg/share/les_pkg/cmake/les_pkgConfig-version.cmake
[0.852s] -- Installing: /home/broodjesemih/homework_ws/install/les_pkg/share/les_pkg/package.xml
[0.853s] Invoked command in '/home/broodjesemih/homework_ws/build/les_pkg' returned '0': CMAKE_PREFIX_PATH=${CMAKE_PREFIX_PATH}:/opt/ros/jazzy DEBUGINFOD_URLS=https://debuginfod.ubuntu.com /usr/bin/cmake --install /home/broodjesemih/homework_ws/build/les_pkg
