[0.007s] Invoking command in '/home/broodjesemih/homework_ws/build/hw_pkg': CMAKE_PREFIX_PATH=${CMAKE_PREFIX_PATH}:/opt/ros/jazzy /usr/bin/cmake --build /home/broodjesemih/homework_ws/build/hw_pkg -- -j20 -l20
[0.025s] -- Found ament_cmake: 2.5.4 (/opt/ros/jazzy/share/ament_cmake/cmake)
[0.170s] -- Found rclcpp: 28.1.11 (/opt/ros/jazzy/share/rclcpp/cmake)
[0.186s] -- Found rosidl_generator_c: 4.6.6 (/opt/ros/jazzy/share/rosidl_generator_c/cmake)
[0.191s] -- Found rosidl_generator_cpp: 4.6.6 (/opt/ros/jazzy/share/rosidl_generator_cpp/cmake)
[0.197s] -- Using all available rosidl_typesupport_c: rosidl_typesupport_fastrtps_c;rosidl_typesupport_introspection_c
[0.204s] -- Using all available rosidl_typesupport_cpp: rosidl_typesupport_fastrtps_cpp;rosidl_typesupport_introspection_cpp
[0.240s] -- Found rmw_implementation_cmake: 7.3.2 (/opt/ros/jazzy/share/rmw_implementation_cmake/cmake)
[0.240s] -- Found rmw_fastrtps_cpp: 8.4.3 (/opt/ros/jazzy/share/rmw_fastrtps_cpp/cmake)
[0.282s] -- Using RMW implementation 'rmw_fastrtps_cpp' as default
[0.320s] -- Found rclcpp_action: 28.1.11 (/opt/ros/jazzy/share/rclcpp_action/cmake)
[0.342s] -- Found std_msgs: 5.3.6 (/opt/ros/jazzy/share/std_msgs/cmake)
[0.350s] -- Found broodje_interfaces: 0.0.0 (/home/broodjesemih/homework_ws/install/broodje_interfaces/share/broodje_interfaces/cmake)
[0.358s] -- Found ament_lint_auto: 0.17.3 (/opt/ros/jazzy/share/ament_lint_auto/cmake)
[0.413s] -- Added test 'cppcheck' to perform static code analysis on C / C++ code
[0.413s] -- Configured cppcheck include dirs: 
[0.413s] -- Configured cppcheck exclude dirs and/or files: 
[0.413s] -- Added test 'lint_cmake' to check CMake code style
[0.413s] -- Added test 'uncrustify' to check C / C++ code style
[0.414s] -- Configured uncrustify additional arguments: 
[0.414s] -- Added test 'xmllint' to check XML markup files
[0.414s] -- Configuring done (0.4s)
[0.428s] -- Generating done (0.0s)
[0.433s] -- Build files have been written to: /home/broodjesemih/homework_ws/build/hw_pkg
[0.463s] [  8%] [32mBuilding CXX object CMakeFiles/hw_5_ex_2.dir/src/hw_5_ex_2.cpp.o[0m
[0.466s] [ 25%] Built target hw_5_ex_1
[0.468s] [ 41%] Built target hw_3-4_ex_1
[0.468s] [ 58%] Built target hw_2_ex_1
[0.469s] [ 75%] Built target hw_3-4_ex_2
[0.470s] [ 91%] Built target hw_2_ex_2
[4.240s] [100%] [32m[1mLinking CXX executable hw_5_ex_2[0m
[4.380s] [100%] Built target hw_5_ex_2
[4.390s] Invoked command in '/home/broodjesemih/homework_ws/build/hw_pkg' returned '0': CMAKE_PREFIX_PATH=${CMAKE_PREFIX_PATH}:/opt/ros/jazzy /usr/bin/cmake --build /home/broodjesemih/homework_ws/build/hw_pkg -- -j20 -l20
[4.391s] Invoking command in '/home/broodjesemih/homework_ws/build/hw_pkg': CMAKE_PREFIX_PATH=${CMAKE_PREFIX_PATH}:/opt/ros/jazzy /usr/bin/cmake --install /home/broodjesemih/homework_ws/build/hw_pkg
[4.395s] -- Install configuration: ""
[4.395s] -- Up-to-date: /home/broodjesemih/homework_ws/install/hw_pkg/lib/hw_pkg/hw_2_ex_1
[4.396s] -- Up-to-date: /home/broodjesemih/homework_ws/install/hw_pkg/lib/hw_pkg/hw_2_ex_2
[4.396s] -- Up-to-date: /home/broodjesemih/homework_ws/install/hw_pkg/lib/hw_pkg/hw_3-4_ex_1
[4.396s] -- Up-to-date: /home/broodjesemih/homework_ws/install/hw_pkg/lib/hw_pkg/hw_3-4_ex_2
[4.396s] -- Up-to-date: /home/broodjesemih/homework_ws/install/hw_pkg/lib/hw_pkg/hw_5_ex_1
[4.396s] -- Installing: /home/broodjesemih/homework_ws/install/hw_pkg/lib/hw_pkg/hw_5_ex_2
[4.398s] -- Set non-toolchain portion of runtime path of "/home/broodjesemih/homework_ws/install/hw_pkg/lib/hw_pkg/hw_5_ex_2" to ""
[4.398s] -- Up-to-date: /home/broodjesemih/homework_ws/install/hw_pkg/share/ament_index/resource_index/package_run_dependencies/hw_pkg
[4.398s] -- Up-to-date: /home/broodjesemih/homework_ws/install/hw_pkg/share/ament_index/resource_index/parent_prefix_path/hw_pkg
[4.398s] -- Up-to-date: /home/broodjesemih/homework_ws/install/hw_pkg/share/hw_pkg/environment/ament_prefix_path.sh
[4.398s] -- Up-to-date: /home/broodjesemih/homework_ws/install/hw_pkg/share/hw_pkg/environment/ament_prefix_path.dsv
[4.398s] -- Up-to-date: /home/broodjesemih/homework_ws/install/hw_pkg/share/hw_pkg/environment/path.sh
[4.398s] -- Up-to-date: /home/broodjesemih/homework_ws/install/hw_pkg/share/hw_pkg/environment/path.dsv
[4.398s] -- Up-to-date: /home/broodjesemih/homework_ws/install/hw_pkg/share/hw_pkg/local_setup.bash
[4.398s] -- Up-to-date: /home/broodjesemih/homework_ws/install/hw_pkg/share/hw_pkg/local_setup.sh
[4.398s] -- Up-to-date: /home/broodjesemih/homework_ws/install/hw_pkg/share/hw_pkg/local_setup.zsh
[4.399s] -- Up-to-date: /home/broodjesemih/homework_ws/install/hw_pkg/share/hw_pkg/local_setup.dsv
[4.399s] -- Installing: /home/broodjesemih/homework_ws/install/hw_pkg/share/hw_pkg/package.dsv
[4.399s] -- Up-to-date: /home/broodjesemih/homework_ws/install/hw_pkg/share/ament_index/resource_index/packages/hw_pkg
[4.399s] -- Up-to-date: /home/broodjesemih/homework_ws/install/hw_pkg/share/hw_pkg/cmake/hw_pkgConfig.cmake
[4.399s] -- Up-to-date: /home/broodjesemih/homework_ws/install/hw_pkg/share/hw_pkg/cmake/hw_pkgConfig-version.cmake
[4.399s] -- Up-to-date: /home/broodjesemih/homework_ws/install/hw_pkg/share/hw_pkg/package.xml
[4.400s] Invoked command in '/home/broodjesemih/homework_ws/build/hw_pkg' returned '0': CMAKE_PREFIX_PATH=${CMAKE_PREFIX_PATH}:/opt/ros/jazzy /usr/bin/cmake --install /home/broodjesemih/homework_ws/build/hw_pkg
