-- The C compiler identification is GNU 13.3.0
-- The CXX compiler identification is GNU 13.3.0
-- Detecting C compiler ABI info
-- Detecting C compiler ABI info - done
-- Check for working C compiler: /usr/bin/cc - skipped
-- Detecting C compile features
-- Detecting C compile features - done
-- Detecting CXX compiler ABI info
-- Detecting CXX compiler ABI info - done
-- Check for working CXX compiler: /usr/bin/c++ - skipped
-- Detecting CXX compile features
-- Detecting CXX compile features - done
-- Found ament_cmake: 2.5.4 (/opt/ros/jazzy/share/ament_cmake/cmake)
-- Found Python3: /usr/bin/python3 (found version "3.12.3") found components: Interpreter 
-- Found rclcpp: 28.1.11 (/opt/ros/jazzy/share/rclcpp/cmake)
-- Found rosidl_generator_c: 4.6.6 (/opt/ros/jazzy/share/rosidl_generator_c/cmake)
-- Found rosidl_generator_cpp: 4.6.6 (/opt/ros/jazzy/share/rosidl_generator_cpp/cmake)
-- Using all available rosidl_typesupport_c: rosidl_typesupport_fastrtps_c;rosidl_typesupport_introspection_c
-- Using all available rosidl_typesupport_cpp: rosidl_typesupport_fastrtps_cpp;rosidl_typesupport_introspection_cpp
-- Found rmw_implementation_cmake: 7.3.2 (/opt/ros/jazzy/share/rmw_implementation_cmake/cmake)
-- Found rmw_fastrtps_cpp: 8.4.3 (/opt/ros/jazzy/share/rmw_fastrtps_cpp/cmake)
-- Found OpenSSL: /usr/lib/x86_64-linux-gnu/libcrypto.so (found version "3.0.13")  
-- Found FastRTPS: /opt/ros/jazzy/include (Required is at least version "2.13") 
-- Using RMW implementation 'rmw_fastrtps_cpp' as default
-- Found rclcpp_action: 28.1.11 (/opt/ros/jazzy/share/rclcpp_action/cmake)
-- Found std_msgs: 5.3.6 (/opt/ros/jazzy/share/std_msgs/cmake)
-- Found broodje_interfaces: 0.0.0 (/home/broodjesemih/homework_ws/install/broodje_interfaces/share/broodje_interfaces/cmake)
-- Found ament_lint_auto: 0.17.3 (/opt/ros/jazzy/share/ament_lint_auto/cmake)
-- Added test 'cppcheck' to perform static code analysis on C / C++ code
-- Configured cppcheck include dirs: 
-- Configured cppcheck exclude dirs and/or files: 
-- Added test 'lint_cmake' to check CMake code style
-- Added test 'uncrustify' to check C / C++ code style
-- Configured uncrustify additional arguments: 
-- Added test 'xmllint' to check XML markup files
-- Configuring done (0.9s)
-- Generating done (0.0s)
-- Build files have been written to: /home/broodjesemih/homework_ws/build/hw_pkg
[ 10%] [32mBuilding CXX object CMakeFiles/hw_3-4_ex_1.dir/src/hw_3-4_ex_1.cpp.o[0m
[ 20%] [32mBuilding CXX object CMakeFiles/hw_2_ex_2.dir/src/hw_2_ex_2.cpp.o[0m
[ 30%] [32mBuilding CXX object CMakeFiles/hw_2_ex_1.dir/src/hw_2_ex_1.cpp.o[0m
[ 40%] [32mBuilding CXX object CMakeFiles/hw_5_ex_1.dir/src/hw_5_ex_1.cpp.o[0m
[ 50%] [32mBuilding CXX object CMakeFiles/hw_3-4_ex_2.dir/src/hw_3-4_ex_2.cpp.o[0m
[ 60%] [32m[1mLinking CXX executable hw_2_ex_1[0m
[ 60%] Built target hw_2_ex_1
[ 70%] [32m[1mLinking CXX executable hw_2_ex_2[0m
[ 70%] Built target hw_2_ex_2
[ 80%] [32m[1mLinking CXX executable hw_5_ex_1[0m
[ 90%] [32m[1mLinking CXX executable hw_3-4_ex_1[0m
[ 90%] Built target hw_5_ex_1
[ 90%] Built target hw_3-4_ex_1
[100%] [32m[1mLinking CXX executable hw_3-4_ex_2[0m
[100%] Built target hw_3-4_ex_2
-- Install configuration: ""
-- Installing: /home/broodjesemih/homework_ws/install/hw_pkg/lib/hw_pkg/hw_2_ex_1
-- Set non-toolchain portion of runtime path of "/home/broodjesemih/homework_ws/install/hw_pkg/lib/hw_pkg/hw_2_ex_1" to ""
-- Installing: /home/broodjesemih/homework_ws/install/hw_pkg/lib/hw_pkg/hw_2_ex_2
-- Set non-toolchain portion of runtime path of "/home/broodjesemih/homework_ws/install/hw_pkg/lib/hw_pkg/hw_2_ex_2" to ""
-- Installing: /home/broodjesemih/homework_ws/install/hw_pkg/lib/hw_pkg/hw_3-4_ex_1
-- Set non-toolchain portion of runtime path of "/home/broodjesemih/homework_ws/install/hw_pkg/lib/hw_pkg/hw_3-4_ex_1" to ""
-- Installing: /home/broodjesemih/homework_ws/install/hw_pkg/lib/hw_pkg/hw_3-4_ex_2
-- Set non-toolchain portion of runtime path of "/home/broodjesemih/homework_ws/install/hw_pkg/lib/hw_pkg/hw_3-4_ex_2" to ""
-- Installing: /home/broodjesemih/homework_ws/install/hw_pkg/lib/hw_pkg/hw_5_ex_1
-- Set non-toolchain portion of runtime path of "/home/broodjesemih/homework_ws/install/hw_pkg/lib/hw_pkg/hw_5_ex_1" to ""
-- Installing: /home/broodjesemih/homework_ws/install/hw_pkg/share/ament_index/resource_index/package_run_dependencies/hw_pkg
-- Installing: /home/broodjesemih/homework_ws/install/hw_pkg/share/ament_index/resource_index/parent_prefix_path/hw_pkg
-- Installing: /home/broodjesemih/homework_ws/install/hw_pkg/share/hw_pkg/environment/ament_prefix_path.sh
-- Installing: /home/broodjesemih/homework_ws/install/hw_pkg/share/hw_pkg/environment/ament_prefix_path.dsv
-- Installing: /home/broodjesemih/homework_ws/install/hw_pkg/share/hw_pkg/environment/path.sh
-- Installing: /home/broodjesemih/homework_ws/install/hw_pkg/share/hw_pkg/environment/path.dsv
-- Installing: /home/broodjesemih/homework_ws/install/hw_pkg/share/hw_pkg/local_setup.bash
-- Installing: /home/broodjesemih/homework_ws/install/hw_pkg/share/hw_pkg/local_setup.sh
-- Installing: /home/broodjesemih/homework_ws/install/hw_pkg/share/hw_pkg/local_setup.zsh
-- Installing: /home/broodjesemih/homework_ws/install/hw_pkg/share/hw_pkg/local_setup.dsv
-- Installing: /home/broodjesemih/homework_ws/install/hw_pkg/share/hw_pkg/package.dsv
-- Installing: /home/broodjesemih/homework_ws/install/hw_pkg/share/ament_index/resource_index/packages/hw_pkg
-- Installing: /home/broodjesemih/homework_ws/install/hw_pkg/share/hw_pkg/cmake/hw_pkgConfig.cmake
-- Installing: /home/broodjesemih/homework_ws/install/hw_pkg/share/hw_pkg/cmake/hw_pkgConfig-version.cmake
-- Installing: /home/broodjesemih/homework_ws/install/hw_pkg/share/hw_pkg/package.xml
