[0.055s] DEBUG:colcon:Command line arguments: ['/usr/bin/colcon', 'build']
[0.055s] DEBUG:colcon:Parsed command line arguments: Namespace(log_base=None, log_level=None, verb_name='build', build_base='build', install_base='install', merge_install=False, symlink_install=False, test_result_base=None, continue_on_error=False, executor='parallel', parallel_workers=20, event_handlers=None, ignore_user_meta=False, metas=['./colcon.meta'], base_paths=['.'], packages_ignore=None, packages_ignore_regex=None, paths=None, packages_up_to=None, packages_up_to_regex=None, packages_above=None, packages_above_and_dependencies=None, packages_above_depth=None, packages_select_by_dep=None, packages_skip_by_dep=None, packages_skip_up_to=None, packages_select_build_failed=False, packages_skip_build_finished=False, packages_select_test_failures=False, packages_skip_test_passed=False, packages_select=None, packages_skip=None, packages_select_regex=None, packages_skip_regex=None, packages_start=None, packages_end=None, allow_overriding=[], cmake_args=None, cmake_target=None, cmake_target_skip_unavailable=False, cmake_clean_cache=False, cmake_clean_first=False, cmake_force_configure=False, ament_cmake_args=None, catkin_cmake_args=None, catkin_skip_building_tests=False, mixin_files=None, mixin=None, verb_parser=<colcon_mixin.mixin.mixin_argument.MixinArgumentDecorator object at 0x7ab787b8e450>, verb_extension=<colcon_core.verb.build.BuildVerb object at 0x7ab7887526c0>, main=<bound method BuildVerb.main of <colcon_core.verb.build.BuildVerb object at 0x7ab7887526c0>>, mixin_verb=('build',))
[0.077s] Level 1:colcon.colcon_core.package_discovery:discover_packages(colcon_meta) check parameters
[0.077s] Level 1:colcon.colcon_core.package_discovery:discover_packages(recursive) check parameters
[0.077s] Level 1:colcon.colcon_core.package_discovery:discover_packages(ignore) check parameters
[0.077s] Level 1:colcon.colcon_core.package_discovery:discover_packages(path) check parameters
[0.077s] Level 1:colcon.colcon_core.package_discovery:discover_packages(colcon_meta) discover
[0.077s] Level 1:colcon.colcon_core.package_discovery:discover_packages(recursive) discover
[0.077s] INFO:colcon.colcon_core.package_discovery:Crawling recursively for packages in '/home/broodjesemih/homework_ws'
[0.077s] Level 1:colcon.colcon_core.package_identification:_identify(.) by extensions ['ignore', 'ignore_ament_install']
[0.077s] Level 1:colcon.colcon_core.package_identification:_identify(.) by extension 'ignore'
[0.077s] Level 1:colcon.colcon_core.package_identification:_identify(.) by extension 'ignore_ament_install'
[0.077s] Level 1:colcon.colcon_core.package_identification:_identify(.) by extensions ['colcon_pkg']
[0.077s] Level 1:colcon.colcon_core.package_identification:_identify(.) by extension 'colcon_pkg'
[0.077s] Level 1:colcon.colcon_core.package_identification:_identify(.) by extensions ['colcon_meta']
[0.077s] Level 1:colcon.colcon_core.package_identification:_identify(.) by extension 'colcon_meta'
[0.077s] Level 1:colcon.colcon_core.package_identification:_identify(.) by extensions ['ros']
[0.077s] Level 1:colcon.colcon_core.package_identification:_identify(.) by extension 'ros'
[0.092s] Level 1:colcon.colcon_core.package_identification:_identify(.) by extensions ['cmake', 'python']
[0.092s] Level 1:colcon.colcon_core.package_identification:_identify(.) by extension 'cmake'
[0.092s] Level 1:colcon.colcon_core.package_identification:_identify(.) by extension 'python'
[0.092s] Level 1:colcon.colcon_core.package_identification:_identify(.) by extensions ['python_setup_py']
[0.092s] Level 1:colcon.colcon_core.package_identification:_identify(.) by extension 'python_setup_py'
[0.092s] Level 1:colcon.colcon_core.package_identification:_identify(build) by extensions ['ignore', 'ignore_ament_install']
[0.092s] Level 1:colcon.colcon_core.package_identification:_identify(build) by extension 'ignore'
[0.092s] Level 1:colcon.colcon_core.package_identification:_identify(build) ignored
[0.092s] Level 1:colcon.colcon_core.package_identification:_identify(install) by extensions ['ignore', 'ignore_ament_install']
[0.092s] Level 1:colcon.colcon_core.package_identification:_identify(install) by extension 'ignore'
[0.092s] Level 1:colcon.colcon_core.package_identification:_identify(install) ignored
[0.092s] Level 1:colcon.colcon_core.package_identification:_identify(log) by extensions ['ignore', 'ignore_ament_install']
[0.092s] Level 1:colcon.colcon_core.package_identification:_identify(log) by extension 'ignore'
[0.092s] Level 1:colcon.colcon_core.package_identification:_identify(log) ignored
[0.092s] Level 1:colcon.colcon_core.package_identification:_identify(src) by extensions ['ignore', 'ignore_ament_install']
[0.092s] Level 1:colcon.colcon_core.package_identification:_identify(src) by extension 'ignore'
[0.092s] Level 1:colcon.colcon_core.package_identification:_identify(src) by extension 'ignore_ament_install'
[0.092s] Level 1:colcon.colcon_core.package_identification:_identify(src) by extensions ['colcon_pkg']
[0.092s] Level 1:colcon.colcon_core.package_identification:_identify(src) by extension 'colcon_pkg'
[0.092s] Level 1:colcon.colcon_core.package_identification:_identify(src) by extensions ['colcon_meta']
[0.092s] Level 1:colcon.colcon_core.package_identification:_identify(src) by extension 'colcon_meta'
[0.093s] Level 1:colcon.colcon_core.package_identification:_identify(src) by extensions ['ros']
[0.093s] Level 1:colcon.colcon_core.package_identification:_identify(src) by extension 'ros'
[0.093s] Level 1:colcon.colcon_core.package_identification:_identify(src) by extensions ['cmake', 'python']
[0.093s] Level 1:colcon.colcon_core.package_identification:_identify(src) by extension 'cmake'
[0.093s] Level 1:colcon.colcon_core.package_identification:_identify(src) by extension 'python'
[0.093s] Level 1:colcon.colcon_core.package_identification:_identify(src) by extensions ['python_setup_py']
[0.093s] Level 1:colcon.colcon_core.package_identification:_identify(src) by extension 'python_setup_py'
[0.093s] Level 1:colcon.colcon_core.package_identification:_identify(src/broodje_interfaces) by extensions ['ignore', 'ignore_ament_install']
[0.093s] Level 1:colcon.colcon_core.package_identification:_identify(src/broodje_interfaces) by extension 'ignore'
[0.093s] Level 1:colcon.colcon_core.package_identification:_identify(src/broodje_interfaces) by extension 'ignore_ament_install'
[0.093s] Level 1:colcon.colcon_core.package_identification:_identify(src/broodje_interfaces) by extensions ['colcon_pkg']
[0.093s] Level 1:colcon.colcon_core.package_identification:_identify(src/broodje_interfaces) by extension 'colcon_pkg'
[0.093s] Level 1:colcon.colcon_core.package_identification:_identify(src/broodje_interfaces) by extensions ['colcon_meta']
[0.093s] Level 1:colcon.colcon_core.package_identification:_identify(src/broodje_interfaces) by extension 'colcon_meta'
[0.093s] Level 1:colcon.colcon_core.package_identification:_identify(src/broodje_interfaces) by extensions ['ros']
[0.093s] Level 1:colcon.colcon_core.package_identification:_identify(src/broodje_interfaces) by extension 'ros'
[0.094s] DEBUG:colcon.colcon_core.package_identification:Package 'src/broodje_interfaces' with type 'ros.ament_cmake' and name 'broodje_interfaces'
[0.094s] Level 1:colcon.colcon_core.package_identification:_identify(src/hw_pkg) by extensions ['ignore', 'ignore_ament_install']
[0.094s] Level 1:colcon.colcon_core.package_identification:_identify(src/hw_pkg) by extension 'ignore'
[0.094s] Level 1:colcon.colcon_core.package_identification:_identify(src/hw_pkg) by extension 'ignore_ament_install'
[0.094s] Level 1:colcon.colcon_core.package_identification:_identify(src/hw_pkg) by extensions ['colcon_pkg']
[0.094s] Level 1:colcon.colcon_core.package_identification:_identify(src/hw_pkg) by extension 'colcon_pkg'
[0.094s] Level 1:colcon.colcon_core.package_identification:_identify(src/hw_pkg) by extensions ['colcon_meta']
[0.094s] Level 1:colcon.colcon_core.package_identification:_identify(src/hw_pkg) by extension 'colcon_meta'
[0.094s] Level 1:colcon.colcon_core.package_identification:_identify(src/hw_pkg) by extensions ['ros']
[0.094s] Level 1:colcon.colcon_core.package_identification:_identify(src/hw_pkg) by extension 'ros'
[0.095s] DEBUG:colcon.colcon_core.package_identification:Package 'src/hw_pkg' with type 'ros.ament_cmake' and name 'hw_pkg'
[0.095s] Level 1:colcon.colcon_core.package_discovery:discover_packages(recursive) using defaults
[0.095s] Level 1:colcon.colcon_core.package_discovery:discover_packages(ignore) discover
[0.095s] Level 1:colcon.colcon_core.package_discovery:discover_packages(ignore) using defaults
[0.095s] Level 1:colcon.colcon_core.package_discovery:discover_packages(path) discover
[0.095s] Level 1:colcon.colcon_core.package_discovery:discover_packages(path) using defaults
[0.104s] Level 1:colcon.colcon_core.package_discovery:discover_packages(prefix_path) check parameters
[0.104s] Level 1:colcon.colcon_core.package_discovery:discover_packages(prefix_path) discover
[0.105s] WARNING:colcon.colcon_ros.prefix_path.ament:The path '/home/broodjesemih/homework_ws/install/broodje_interfaces' in the environment variable AMENT_PREFIX_PATH doesn't exist
[0.105s] WARNING:colcon.colcon_ros.prefix_path.ament:The path '/home/broodjesemih/homework_ws/install/hw_pkg' in the environment variable AMENT_PREFIX_PATH doesn't exist
[0.105s] WARNING:colcon.colcon_ros.prefix_path.ament:The path '/home/broodjesemih/homework_ws/install/les_pkg' in the environment variable AMENT_PREFIX_PATH doesn't exist
[0.105s] WARNING:colcon.colcon_ros.prefix_path.catkin:The path '/home/broodjesemih/homework_ws/install/broodje_interfaces' in the environment variable CMAKE_PREFIX_PATH doesn't exist
[0.105s] WARNING:colcon.colcon_ros.prefix_path.catkin:The path '/home/broodjesemih/homework_ws/install/hw_pkg' in the environment variable CMAKE_PREFIX_PATH doesn't exist
[0.105s] WARNING:colcon.colcon_ros.prefix_path.catkin:The path '/home/broodjesemih/homework_ws/install/les_pkg' in the environment variable CMAKE_PREFIX_PATH doesn't exist
[0.105s] DEBUG:colcon.colcon_installed_package_information.package_discovery:Found 0 installed packages in /home/broodjesemih/homework_ws/install
[0.106s] DEBUG:colcon.colcon_installed_package_information.package_discovery:Found 2 installed packages in /home/broodjesemih/ros2_ws/install
[0.106s] DEBUG:colcon.colcon_installed_package_information.package_discovery:Found 315 installed packages in /opt/ros/jazzy
[0.107s] Level 1:colcon.colcon_core.package_discovery:discover_packages(prefix_path) using defaults
[0.127s] Level 5:colcon.colcon_core.verb:set package 'broodje_interfaces' build argument 'cmake_args' from command line to 'None'
[0.127s] Level 5:colcon.colcon_core.verb:set package 'broodje_interfaces' build argument 'cmake_target' from command line to 'None'
[0.127s] Level 5:colcon.colcon_core.verb:set package 'broodje_interfaces' build argument 'cmake_target_skip_unavailable' from command line to 'False'
[0.127s] Level 5:colcon.colcon_core.verb:set package 'broodje_interfaces' build argument 'cmake_clean_cache' from command line to 'False'
[0.127s] Level 5:colcon.colcon_core.verb:set package 'broodje_interfaces' build argument 'cmake_clean_first' from command line to 'False'
[0.127s] Level 5:colcon.colcon_core.verb:set package 'broodje_interfaces' build argument 'cmake_force_configure' from command line to 'False'
[0.127s] Level 5:colcon.colcon_core.verb:set package 'broodje_interfaces' build argument 'ament_cmake_args' from command line to 'None'
[0.127s] Level 5:colcon.colcon_core.verb:set package 'broodje_interfaces' build argument 'catkin_cmake_args' from command line to 'None'
[0.127s] Level 5:colcon.colcon_core.verb:set package 'broodje_interfaces' build argument 'catkin_skip_building_tests' from command line to 'False'
[0.127s] DEBUG:colcon.colcon_core.verb:Building package 'broodje_interfaces' with the following arguments: {'ament_cmake_args': None, 'build_base': '/home/broodjesemih/homework_ws/build/broodje_interfaces', 'catkin_cmake_args': None, 'catkin_skip_building_tests': False, 'cmake_args': None, 'cmake_clean_cache': False, 'cmake_clean_first': False, 'cmake_force_configure': False, 'cmake_target': None, 'cmake_target_skip_unavailable': False, 'install_base': '/home/broodjesemih/homework_ws/install/broodje_interfaces', 'merge_install': False, 'path': '/home/broodjesemih/homework_ws/src/broodje_interfaces', 'symlink_install': False, 'test_result_base': None}
[0.128s] Level 5:colcon.colcon_core.verb:set package 'hw_pkg' build argument 'cmake_args' from command line to 'None'
[0.128s] Level 5:colcon.colcon_core.verb:set package 'hw_pkg' build argument 'cmake_target' from command line to 'None'
[0.128s] Level 5:colcon.colcon_core.verb:set package 'hw_pkg' build argument 'cmake_target_skip_unavailable' from command line to 'False'
[0.128s] Level 5:colcon.colcon_core.verb:set package 'hw_pkg' build argument 'cmake_clean_cache' from command line to 'False'
[0.128s] Level 5:colcon.colcon_core.verb:set package 'hw_pkg' build argument 'cmake_clean_first' from command line to 'False'
[0.128s] Level 5:colcon.colcon_core.verb:set package 'hw_pkg' build argument 'cmake_force_configure' from command line to 'False'
[0.128s] Level 5:colcon.colcon_core.verb:set package 'hw_pkg' build argument 'ament_cmake_args' from command line to 'None'
[0.128s] Level 5:colcon.colcon_core.verb:set package 'hw_pkg' build argument 'catkin_cmake_args' from command line to 'None'
[0.128s] Level 5:colcon.colcon_core.verb:set package 'hw_pkg' build argument 'catkin_skip_building_tests' from command line to 'False'
[0.128s] DEBUG:colcon.colcon_core.verb:Building package 'hw_pkg' with the following arguments: {'ament_cmake_args': None, 'build_base': '/home/broodjesemih/homework_ws/build/hw_pkg', 'catkin_cmake_args': None, 'catkin_skip_building_tests': False, 'cmake_args': None, 'cmake_clean_cache': False, 'cmake_clean_first': False, 'cmake_force_configure': False, 'cmake_target': None, 'cmake_target_skip_unavailable': False, 'install_base': '/home/broodjesemih/homework_ws/install/hw_pkg', 'merge_install': False, 'path': '/home/broodjesemih/homework_ws/src/hw_pkg', 'symlink_install': False, 'test_result_base': None}
[0.128s] INFO:colcon.colcon_core.executor:Executing jobs using 'parallel' executor
[0.128s] DEBUG:colcon.colcon_parallel_executor.executor.parallel:run_until_complete
[0.129s] INFO:colcon.colcon_ros.task.ament_cmake.build:Building ROS package in '/home/broodjesemih/homework_ws/src/broodje_interfaces' with build type 'ament_cmake'
[0.129s] INFO:colcon.colcon_cmake.task.cmake.build:Building CMake package in '/home/broodjesemih/homework_ws/src/broodje_interfaces'
[0.130s] INFO:colcon.colcon_core.plugin_system:Skipping extension 'colcon_core.shell.bat': Not used on non-Windows systems
[0.130s] INFO:colcon.colcon_core.shell:Skip shell extension 'powershell' for command environment: Not usable outside of PowerShell
[0.130s] DEBUG:colcon.colcon_core.shell:Skip shell extension 'dsv' for command environment
[0.135s] DEBUG:colcon.colcon_core.event_handler.log_command:Invoking command in '/home/broodjesemih/homework_ws/build/broodje_interfaces': CMAKE_PREFIX_PATH=${CMAKE_PREFIX_PATH}:/opt/ros/jazzy /usr/bin/cmake /home/broodjesemih/homework_ws/src/broodje_interfaces -DCMAKE_INSTALL_PREFIX=/home/broodjesemih/homework_ws/install/broodje_interfaces
[2.160s] DEBUG:colcon.colcon_core.event_handler.log_command:Invoked command in '/home/broodjesemih/homework_ws/build/broodje_interfaces' returned '0': CMAKE_PREFIX_PATH=${CMAKE_PREFIX_PATH}:/opt/ros/jazzy /usr/bin/cmake /home/broodjesemih/homework_ws/src/broodje_interfaces -DCMAKE_INSTALL_PREFIX=/home/broodjesemih/homework_ws/install/broodje_interfaces
[2.161s] DEBUG:colcon.colcon_core.event_handler.log_command:Invoking command in '/home/broodjesemih/homework_ws/build/broodje_interfaces': CMAKE_PREFIX_PATH=${CMAKE_PREFIX_PATH}:/opt/ros/jazzy /usr/bin/cmake --build /home/broodjesemih/homework_ws/build/broodje_interfaces -- -j20 -l20
[3.374s] DEBUG:colcon.colcon_core.event_handler.log_command:Invoked command in '/home/broodjesemih/homework_ws/build/broodje_interfaces' returned '0': CMAKE_PREFIX_PATH=${CMAKE_PREFIX_PATH}:/opt/ros/jazzy /usr/bin/cmake --build /home/broodjesemih/homework_ws/build/broodje_interfaces -- -j20 -l20
[3.380s] DEBUG:colcon.colcon_core.event_handler.log_command:Invoking command in '/home/broodjesemih/homework_ws/build/broodje_interfaces': CMAKE_PREFIX_PATH=${CMAKE_PREFIX_PATH}:/opt/ros/jazzy /usr/bin/cmake --install /home/broodjesemih/homework_ws/build/broodje_interfaces
[3.421s] Level 1:colcon.colcon_core.environment:create_environment_scripts_only(broodje_interfaces)
[3.422s] DEBUG:colcon.colcon_core.event_handler.log_command:Invoked command in '/home/broodjesemih/homework_ws/build/broodje_interfaces' returned '0': CMAKE_PREFIX_PATH=${CMAKE_PREFIX_PATH}:/opt/ros/jazzy /usr/bin/cmake --install /home/broodjesemih/homework_ws/build/broodje_interfaces
[3.422s] Level 1:colcon.colcon_core.environment:checking '/home/broodjesemih/homework_ws/install/broodje_interfaces' for CMake module files
[3.423s] Level 1:colcon.colcon_core.environment:checking '/home/broodjesemih/homework_ws/install/broodje_interfaces' for CMake config files
[3.423s] Level 1:colcon.colcon_core.shell:create_environment_hook('broodje_interfaces', 'cmake_prefix_path')
[3.423s] INFO:colcon.colcon_core.shell:Creating environment hook '/home/broodjesemih/homework_ws/install/broodje_interfaces/share/broodje_interfaces/hook/cmake_prefix_path.ps1'
[3.423s] INFO:colcon.colcon_core.shell:Creating environment descriptor '/home/broodjesemih/homework_ws/install/broodje_interfaces/share/broodje_interfaces/hook/cmake_prefix_path.dsv'
[3.424s] INFO:colcon.colcon_core.shell:Creating environment hook '/home/broodjesemih/homework_ws/install/broodje_interfaces/share/broodje_interfaces/hook/cmake_prefix_path.sh'
[3.424s] Level 1:colcon.colcon_core.environment:checking '/home/broodjesemih/homework_ws/install/broodje_interfaces/lib'
[3.424s] Level 1:colcon.colcon_core.shell:create_environment_hook('broodje_interfaces', 'ld_library_path_lib')
[3.424s] INFO:colcon.colcon_core.shell:Creating environment hook '/home/broodjesemih/homework_ws/install/broodje_interfaces/share/broodje_interfaces/hook/ld_library_path_lib.ps1'
[3.424s] INFO:colcon.colcon_core.shell:Creating environment descriptor '/home/broodjesemih/homework_ws/install/broodje_interfaces/share/broodje_interfaces/hook/ld_library_path_lib.dsv'
[3.424s] INFO:colcon.colcon_core.shell:Creating environment hook '/home/broodjesemih/homework_ws/install/broodje_interfaces/share/broodje_interfaces/hook/ld_library_path_lib.sh'
[3.425s] Level 1:colcon.colcon_core.environment:checking '/home/broodjesemih/homework_ws/install/broodje_interfaces/bin'
[3.425s] Level 1:colcon.colcon_core.environment:checking '/home/broodjesemih/homework_ws/install/broodje_interfaces/lib/pkgconfig/broodje_interfaces.pc'
[3.425s] Level 1:colcon.colcon_core.environment:checking '/home/broodjesemih/homework_ws/install/broodje_interfaces/lib/python3.12/site-packages'
[3.425s] Level 1:colcon.colcon_core.shell:create_environment_hook('broodje_interfaces', 'pythonpath')
[3.425s] INFO:colcon.colcon_core.shell:Creating environment hook '/home/broodjesemih/homework_ws/install/broodje_interfaces/share/broodje_interfaces/hook/pythonpath.ps1'
[3.425s] INFO:colcon.colcon_core.shell:Creating environment descriptor '/home/broodjesemih/homework_ws/install/broodje_interfaces/share/broodje_interfaces/hook/pythonpath.dsv'
[3.425s] INFO:colcon.colcon_core.shell:Creating environment hook '/home/broodjesemih/homework_ws/install/broodje_interfaces/share/broodje_interfaces/hook/pythonpath.sh'
[3.426s] Level 1:colcon.colcon_core.environment:checking '/home/broodjesemih/homework_ws/install/broodje_interfaces/bin'
[3.426s] INFO:colcon.colcon_core.shell:Creating package script '/home/broodjesemih/homework_ws/install/broodje_interfaces/share/broodje_interfaces/package.ps1'
[3.426s] INFO:colcon.colcon_core.shell:Creating package descriptor '/home/broodjesemih/homework_ws/install/broodje_interfaces/share/broodje_interfaces/package.dsv'
[3.426s] INFO:colcon.colcon_core.shell:Creating package script '/home/broodjesemih/homework_ws/install/broodje_interfaces/share/broodje_interfaces/package.sh'
[3.427s] INFO:colcon.colcon_core.shell:Creating package script '/home/broodjesemih/homework_ws/install/broodje_interfaces/share/broodje_interfaces/package.bash'
[3.427s] INFO:colcon.colcon_core.shell:Creating package script '/home/broodjesemih/homework_ws/install/broodje_interfaces/share/broodje_interfaces/package.zsh'
[3.427s] Level 1:colcon.colcon_core.environment:create_file_with_runtime_dependencies(/home/broodjesemih/homework_ws/install/broodje_interfaces/share/colcon-core/packages/broodje_interfaces)
[3.427s] Level 1:colcon.colcon_core.environment:create_environment_scripts_only(broodje_interfaces)
[3.428s] Level 1:colcon.colcon_core.environment:checking '/home/broodjesemih/homework_ws/install/broodje_interfaces' for CMake module files
[3.428s] Level 1:colcon.colcon_core.environment:checking '/home/broodjesemih/homework_ws/install/broodje_interfaces' for CMake config files
[3.428s] Level 1:colcon.colcon_core.shell:create_environment_hook('broodje_interfaces', 'cmake_prefix_path')
[3.428s] INFO:colcon.colcon_core.shell:Creating environment hook '/home/broodjesemih/homework_ws/install/broodje_interfaces/share/broodje_interfaces/hook/cmake_prefix_path.ps1'
[3.428s] INFO:colcon.colcon_core.shell:Creating environment descriptor '/home/broodjesemih/homework_ws/install/broodje_interfaces/share/broodje_interfaces/hook/cmake_prefix_path.dsv'
[3.428s] INFO:colcon.colcon_core.shell:Creating environment hook '/home/broodjesemih/homework_ws/install/broodje_interfaces/share/broodje_interfaces/hook/cmake_prefix_path.sh'
[3.429s] Level 1:colcon.colcon_core.environment:checking '/home/broodjesemih/homework_ws/install/broodje_interfaces/lib'
[3.429s] Level 1:colcon.colcon_core.shell:create_environment_hook('broodje_interfaces', 'ld_library_path_lib')
[3.429s] INFO:colcon.colcon_core.shell:Creating environment hook '/home/broodjesemih/homework_ws/install/broodje_interfaces/share/broodje_interfaces/hook/ld_library_path_lib.ps1'
[3.429s] INFO:colcon.colcon_core.shell:Creating environment descriptor '/home/broodjesemih/homework_ws/install/broodje_interfaces/share/broodje_interfaces/hook/ld_library_path_lib.dsv'
[3.429s] INFO:colcon.colcon_core.shell:Creating environment hook '/home/broodjesemih/homework_ws/install/broodje_interfaces/share/broodje_interfaces/hook/ld_library_path_lib.sh'
[3.429s] Level 1:colcon.colcon_core.environment:checking '/home/broodjesemih/homework_ws/install/broodje_interfaces/bin'
[3.429s] Level 1:colcon.colcon_core.environment:checking '/home/broodjesemih/homework_ws/install/broodje_interfaces/lib/pkgconfig/broodje_interfaces.pc'
[3.429s] Level 1:colcon.colcon_core.environment:checking '/home/broodjesemih/homework_ws/install/broodje_interfaces/lib/python3.12/site-packages'
[3.430s] Level 1:colcon.colcon_core.shell:create_environment_hook('broodje_interfaces', 'pythonpath')
[3.430s] INFO:colcon.colcon_core.shell:Creating environment hook '/home/broodjesemih/homework_ws/install/broodje_interfaces/share/broodje_interfaces/hook/pythonpath.ps1'
[3.430s] INFO:colcon.colcon_core.shell:Creating environment descriptor '/home/broodjesemih/homework_ws/install/broodje_interfaces/share/broodje_interfaces/hook/pythonpath.dsv'
[3.430s] INFO:colcon.colcon_core.shell:Creating environment hook '/home/broodjesemih/homework_ws/install/broodje_interfaces/share/broodje_interfaces/hook/pythonpath.sh'
[3.430s] Level 1:colcon.colcon_core.environment:checking '/home/broodjesemih/homework_ws/install/broodje_interfaces/bin'
[3.430s] INFO:colcon.colcon_core.shell:Creating package script '/home/broodjesemih/homework_ws/install/broodje_interfaces/share/broodje_interfaces/package.ps1'
[3.431s] INFO:colcon.colcon_core.shell:Creating package descriptor '/home/broodjesemih/homework_ws/install/broodje_interfaces/share/broodje_interfaces/package.dsv'
[3.431s] INFO:colcon.colcon_core.shell:Creating package script '/home/broodjesemih/homework_ws/install/broodje_interfaces/share/broodje_interfaces/package.sh'
[3.431s] INFO:colcon.colcon_core.shell:Creating package script '/home/broodjesemih/homework_ws/install/broodje_interfaces/share/broodje_interfaces/package.bash'
[3.431s] INFO:colcon.colcon_core.shell:Creating package script '/home/broodjesemih/homework_ws/install/broodje_interfaces/share/broodje_interfaces/package.zsh'
[3.431s] Level 1:colcon.colcon_core.environment:create_file_with_runtime_dependencies(/home/broodjesemih/homework_ws/install/broodje_interfaces/share/colcon-core/packages/broodje_interfaces)
[3.431s] INFO:colcon.colcon_ros.task.ament_cmake.build:Building ROS package in '/home/broodjesemih/homework_ws/src/hw_pkg' with build type 'ament_cmake'
[3.432s] INFO:colcon.colcon_cmake.task.cmake.build:Building CMake package in '/home/broodjesemih/homework_ws/src/hw_pkg'
[3.432s] INFO:colcon.colcon_core.shell:Skip shell extension 'powershell' for command environment: Not usable outside of PowerShell
[3.432s] DEBUG:colcon.colcon_core.shell:Skip shell extension 'dsv' for command environment
[3.439s] DEBUG:colcon.colcon_core.event_handler.log_command:Invoking command in '/home/broodjesemih/homework_ws/build/hw_pkg': CMAKE_PREFIX_PATH=${CMAKE_PREFIX_PATH}:/opt/ros/jazzy /usr/bin/cmake /home/broodjesemih/homework_ws/src/hw_pkg -DCMAKE_INSTALL_PREFIX=/home/broodjesemih/homework_ws/install/hw_pkg
[4.335s] DEBUG:colcon.colcon_core.event_handler.log_command:Invoked command in '/home/broodjesemih/homework_ws/build/hw_pkg' returned '0': CMAKE_PREFIX_PATH=${CMAKE_PREFIX_PATH}:/opt/ros/jazzy /usr/bin/cmake /home/broodjesemih/homework_ws/src/hw_pkg -DCMAKE_INSTALL_PREFIX=/home/broodjesemih/homework_ws/install/hw_pkg
[4.335s] DEBUG:colcon.colcon_core.event_handler.log_command:Invoking command in '/home/broodjesemih/homework_ws/build/hw_pkg': CMAKE_PREFIX_PATH=${CMAKE_PREFIX_PATH}:/opt/ros/jazzy /usr/bin/cmake --build /home/broodjesemih/homework_ws/build/hw_pkg -- -j20 -l20
[8.707s] DEBUG:colcon.colcon_core.event_handler.log_command:Invoked command in '/home/broodjesemih/homework_ws/build/hw_pkg' returned '0': CMAKE_PREFIX_PATH=${CMAKE_PREFIX_PATH}:/opt/ros/jazzy /usr/bin/cmake --build /home/broodjesemih/homework_ws/build/hw_pkg -- -j20 -l20
[8.708s] DEBUG:colcon.colcon_core.event_handler.log_command:Invoking command in '/home/broodjesemih/homework_ws/build/hw_pkg': CMAKE_PREFIX_PATH=${CMAKE_PREFIX_PATH}:/opt/ros/jazzy /usr/bin/cmake --install /home/broodjesemih/homework_ws/build/hw_pkg
[8.720s] Level 1:colcon.colcon_core.environment:create_environment_scripts_only(hw_pkg)
[8.720s] Level 1:colcon.colcon_core.environment:checking '/home/broodjesemih/homework_ws/install/hw_pkg' for CMake module files
[8.721s] DEBUG:colcon.colcon_core.event_handler.log_command:Invoked command in '/home/broodjesemih/homework_ws/build/hw_pkg' returned '0': CMAKE_PREFIX_PATH=${CMAKE_PREFIX_PATH}:/opt/ros/jazzy /usr/bin/cmake --install /home/broodjesemih/homework_ws/build/hw_pkg
[8.721s] Level 1:colcon.colcon_core.environment:checking '/home/broodjesemih/homework_ws/install/hw_pkg' for CMake config files
[8.721s] Level 1:colcon.colcon_core.shell:create_environment_hook('hw_pkg', 'cmake_prefix_path')
[8.721s] INFO:colcon.colcon_core.shell:Creating environment hook '/home/broodjesemih/homework_ws/install/hw_pkg/share/hw_pkg/hook/cmake_prefix_path.ps1'
[8.722s] INFO:colcon.colcon_core.shell:Creating environment descriptor '/home/broodjesemih/homework_ws/install/hw_pkg/share/hw_pkg/hook/cmake_prefix_path.dsv'
[8.722s] INFO:colcon.colcon_core.shell:Creating environment hook '/home/broodjesemih/homework_ws/install/hw_pkg/share/hw_pkg/hook/cmake_prefix_path.sh'
[8.722s] Level 1:colcon.colcon_core.environment:checking '/home/broodjesemih/homework_ws/install/hw_pkg/lib'
[8.723s] Level 1:colcon.colcon_core.environment:checking '/home/broodjesemih/homework_ws/install/hw_pkg/bin'
[8.723s] Level 1:colcon.colcon_core.environment:checking '/home/broodjesemih/homework_ws/install/hw_pkg/lib/pkgconfig/hw_pkg.pc'
[8.723s] Level 1:colcon.colcon_core.environment:checking '/home/broodjesemih/homework_ws/install/hw_pkg/lib/python3.12/site-packages'
[8.723s] Level 1:colcon.colcon_core.environment:checking '/home/broodjesemih/homework_ws/install/hw_pkg/bin'
[8.723s] INFO:colcon.colcon_core.shell:Creating package script '/home/broodjesemih/homework_ws/install/hw_pkg/share/hw_pkg/package.ps1'
[8.724s] INFO:colcon.colcon_core.shell:Creating package descriptor '/home/broodjesemih/homework_ws/install/hw_pkg/share/hw_pkg/package.dsv'
[8.724s] INFO:colcon.colcon_core.shell:Creating package script '/home/broodjesemih/homework_ws/install/hw_pkg/share/hw_pkg/package.sh'
[8.724s] INFO:colcon.colcon_core.shell:Creating package script '/home/broodjesemih/homework_ws/install/hw_pkg/share/hw_pkg/package.bash'
[8.724s] INFO:colcon.colcon_core.shell:Creating package script '/home/broodjesemih/homework_ws/install/hw_pkg/share/hw_pkg/package.zsh'
[8.725s] Level 1:colcon.colcon_core.environment:create_file_with_runtime_dependencies(/home/broodjesemih/homework_ws/install/hw_pkg/share/colcon-core/packages/hw_pkg)
[8.725s] Level 1:colcon.colcon_core.environment:create_environment_scripts_only(hw_pkg)
[8.725s] Level 1:colcon.colcon_core.environment:checking '/home/broodjesemih/homework_ws/install/hw_pkg' for CMake module files
[8.726s] Level 1:colcon.colcon_core.environment:checking '/home/broodjesemih/homework_ws/install/hw_pkg' for CMake config files
[8.726s] Level 1:colcon.colcon_core.shell:create_environment_hook('hw_pkg', 'cmake_prefix_path')
[8.726s] INFO:colcon.colcon_core.shell:Creating environment hook '/home/broodjesemih/homework_ws/install/hw_pkg/share/hw_pkg/hook/cmake_prefix_path.ps1'
[8.726s] INFO:colcon.colcon_core.shell:Creating environment descriptor '/home/broodjesemih/homework_ws/install/hw_pkg/share/hw_pkg/hook/cmake_prefix_path.dsv'
[8.727s] INFO:colcon.colcon_core.shell:Creating environment hook '/home/broodjesemih/homework_ws/install/hw_pkg/share/hw_pkg/hook/cmake_prefix_path.sh'
[8.727s] Level 1:colcon.colcon_core.environment:checking '/home/broodjesemih/homework_ws/install/hw_pkg/lib'
[8.727s] Level 1:colcon.colcon_core.environment:checking '/home/broodjesemih/homework_ws/install/hw_pkg/bin'
[8.727s] Level 1:colcon.colcon_core.environment:checking '/home/broodjesemih/homework_ws/install/hw_pkg/lib/pkgconfig/hw_pkg.pc'
[8.727s] Level 1:colcon.colcon_core.environment:checking '/home/broodjesemih/homework_ws/install/hw_pkg/lib/python3.12/site-packages'
[8.728s] Level 1:colcon.colcon_core.environment:checking '/home/broodjesemih/homework_ws/install/hw_pkg/bin'
[8.728s] INFO:colcon.colcon_core.shell:Creating package script '/home/broodjesemih/homework_ws/install/hw_pkg/share/hw_pkg/package.ps1'
[8.728s] INFO:colcon.colcon_core.shell:Creating package descriptor '/home/broodjesemih/homework_ws/install/hw_pkg/share/hw_pkg/package.dsv'
[8.729s] INFO:colcon.colcon_core.shell:Creating package script '/home/broodjesemih/homework_ws/install/hw_pkg/share/hw_pkg/package.sh'
[8.729s] INFO:colcon.colcon_core.shell:Creating package script '/home/broodjesemih/homework_ws/install/hw_pkg/share/hw_pkg/package.bash'
[8.729s] INFO:colcon.colcon_core.shell:Creating package script '/home/broodjesemih/homework_ws/install/hw_pkg/share/hw_pkg/package.zsh'
[8.730s] Level 1:colcon.colcon_core.environment:create_file_with_runtime_dependencies(/home/broodjesemih/homework_ws/install/hw_pkg/share/colcon-core/packages/hw_pkg)
[8.730s] DEBUG:colcon.colcon_parallel_executor.executor.parallel:closing loop
[8.730s] DEBUG:colcon.colcon_parallel_executor.executor.parallel:loop closed
[8.730s] DEBUG:colcon.colcon_parallel_executor.executor.parallel:run_until_complete finished with '0'
[8.730s] DEBUG:colcon.colcon_core.event_reactor:joining thread
[8.735s] INFO:colcon.colcon_core.plugin_system:Skipping extension 'colcon_notification.desktop_notification.terminal_notifier': Not used on non-Darwin systems
[8.735s] INFO:colcon.colcon_core.plugin_system:Skipping extension 'colcon_notification.desktop_notification.win32': Not used on non-Windows systems
[8.735s] INFO:colcon.colcon_notification.desktop_notification:Sending desktop notification using 'notify2'
[8.739s] DEBUG:colcon.colcon_core.event_reactor:joined thread
[8.740s] INFO:colcon.colcon_core.shell:Creating prefix script '/home/broodjesemih/homework_ws/install/local_setup.ps1'
[8.740s] INFO:colcon.colcon_core.shell:Creating prefix util module '/home/broodjesemih/homework_ws/install/_local_setup_util_ps1.py'
[8.741s] INFO:colcon.colcon_core.shell:Creating prefix chain script '/home/broodjesemih/homework_ws/install/setup.ps1'
[8.741s] INFO:colcon.colcon_core.shell:Creating prefix script '/home/broodjesemih/homework_ws/install/local_setup.sh'
[8.742s] INFO:colcon.colcon_core.shell:Creating prefix util module '/home/broodjesemih/homework_ws/install/_local_setup_util_sh.py'
[8.742s] INFO:colcon.colcon_core.shell:Creating prefix chain script '/home/broodjesemih/homework_ws/install/setup.sh'
[8.743s] INFO:colcon.colcon_core.shell:Creating prefix script '/home/broodjesemih/homework_ws/install/local_setup.bash'
[8.743s] INFO:colcon.colcon_core.shell:Creating prefix chain script '/home/broodjesemih/homework_ws/install/setup.bash'
[8.743s] INFO:colcon.colcon_core.shell:Creating prefix script '/home/broodjesemih/homework_ws/install/local_setup.zsh'
[8.744s] INFO:colcon.colcon_core.shell:Creating prefix chain script '/home/broodjesemih/homework_ws/install/setup.zsh'
