[0.006s] Invoking command in '/home/broodjesemih/homework_ws/build/broodje_interfaces': CMAKE_PREFIX_PATH=${CMAKE_PREFIX_PATH}:/opt/ros/jazzy /usr/bin/cmake /home/broodjesemih/homework_ws/src/broodje_interfaces -DCMAKE_INSTALL_PREFIX=/home/broodjesemih/homework_ws/install/broodje_interfaces
[0.048s] -- The C compiler identification is GNU 13.3.0
[0.090s] -- The CXX compiler identification is GNU 13.3.0
[0.101s] -- Detecting C compiler ABI info
[0.171s] -- Detecting C compiler ABI info - done
[0.179s] -- Check for working C compiler: /usr/bin/cc - skipped
[0.179s] -- Detecting C compile features
[0.179s] -- Detecting C compile features - done
[0.187s] -- Detecting CXX compiler ABI info
[0.273s] -- Detecting CXX compiler ABI info - done
[0.279s] -- Check for working CXX compiler: /usr/bin/c++ - skipped
[0.279s] -- Detecting CXX compile features
[0.279s] -- Detecting CXX compile features - done
[0.281s] -- Found ament_cmake: 2.5.4 (/opt/ros/jazzy/share/ament_cmake/cmake)
[0.390s] -- Found Python3: /usr/bin/python3 (found version "3.12.3") found components: Interpreter 
[0.461s] -- Found rosidl_default_generators: 1.6.0 (/opt/ros/jazzy/share/rosidl_default_generators/cmake)
[0.465s] -- Using all available rosidl_typesupport_c: rosidl_typesupport_fastrtps_c;rosidl_typesupport_introspection_c
[0.500s] -- Using all available rosidl_typesupport_cpp: rosidl_typesupport_fastrtps_cpp;rosidl_typesupport_introspection_cpp
[0.528s] -- Found rosidl_adapter: 4.6.6 (/opt/ros/jazzy/share/rosidl_adapter/cmake)
[0.530s] -- Found ament_lint_auto: 0.17.3 (/opt/ros/jazzy/share/ament_lint_auto/cmake)
[0.934s] -- Found ament_cmake_ros: 0.12.0 (/opt/ros/jazzy/share/ament_cmake_ros/cmake)
[1.228s] -- Using all available rosidl_typesupport_c: rosidl_typesupport_fastrtps_c;rosidl_typesupport_introspection_c
[1.613s] -- Using all available rosidl_typesupport_cpp: rosidl_typesupport_fastrtps_cpp;rosidl_typesupport_introspection_cpp
[1.616s] -- Found python_cmake_module: 0.11.1 (/opt/ros/jazzy/share/python_cmake_module/cmake)
[1.699s] -- Found PythonExtra: /usr/bin/python3  
[1.982s] -- Found Python3: /usr/bin/python3 (found version "3.12.3") found components: Interpreter Development NumPy Development.Module Development.Embed 
[2.004s] -- Added test 'lint_cmake' to check CMake code style
[2.004s] -- Added test 'xmllint' to check XML markup files
[2.007s] -- Configuring done (2.0s)
[2.021s] -- Generating done (0.0s)
[2.027s] -- Build files have been written to: /home/broodjesemih/homework_ws/build/broodje_interfaces
[2.031s] Invoked command in '/home/broodjesemih/homework_ws/build/broodje_interfaces' returned '0': CMAKE_PREFIX_PATH=${CMAKE_PREFIX_PATH}:/opt/ros/jazzy /usr/bin/cmake /home/broodjesemih/homework_ws/src/broodje_interfaces -DCMAKE_INSTALL_PREFIX=/home/broodjesemih/homework_ws/install/broodje_interfaces
[2.032s] Invoking command in '/home/broodjesemih/homework_ws/build/broodje_interfaces': CMAKE_PREFIX_PATH=${CMAKE_PREFIX_PATH}:/opt/ros/jazzy /usr/bin/cmake --build /home/broodjesemih/homework_ws/build/broodje_interfaces -- -j20 -l20
[2.073s] [  2%] [34m[1mGenerating type hashes for ROS interfaces[0m
[2.078s] [  2%] Built target ament_cmake_python_copy_broodje_interfaces
[2.179s] [  2%] Built target broodje_interfaces__rosidl_generator_type_description
[2.187s] [  5%] [34m[1mGenerating C code for ROS interfaces[0m
[2.196s] [  8%] [34m[1mGenerating C++ code for ROS interfaces[0m
[2.196s] running egg_info
[2.196s] creating broodje_interfaces.egg-info
[2.205s] writing broodje_interfaces.egg-info/PKG-INFO
[2.205s] writing dependency_links to broodje_interfaces.egg-info/dependency_links.txt
[2.205s] writing top-level names to broodje_interfaces.egg-info/top_level.txt
[2.206s] writing manifest file 'broodje_interfaces.egg-info/SOURCES.txt'
[2.234s] reading manifest file 'broodje_interfaces.egg-info/SOURCES.txt'
[2.234s] writing manifest file 'broodje_interfaces.egg-info/SOURCES.txt'
[2.255s] [  8%] Built target ament_cmake_python_build_broodje_interfaces_egg
[2.331s] [  8%] Built target broodje_interfaces__cpp
[2.336s] [ 17%] [32mBuilding C object CMakeFiles/broodje_interfaces__rosidl_generator_c.dir/rosidl_generator_c/broodje_interfaces/msg/detail/name_number__functions.c.o[0m
[2.336s] [ 17%] [32mBuilding C object CMakeFiles/broodje_interfaces__rosidl_generator_c.dir/rosidl_generator_c/broodje_interfaces/msg/detail/name_number__description.c.o[0m
[2.336s] [ 17%] [32mBuilding C object CMakeFiles/broodje_interfaces__rosidl_generator_c.dir/rosidl_generator_c/broodje_interfaces/msg/detail/name_number__type_support.c.o[0m
[2.371s] [ 20%] [32m[1mLinking C shared library libbroodje_interfaces__rosidl_generator_c.so[0m
[2.399s] [ 20%] Built target broodje_interfaces__rosidl_generator_c
[2.406s] [ 26%] [34m[1mGenerating C type support dispatch for ROS interfaces[0m
[2.407s] [ 26%] [34m[1mGenerating C++ introspection for ROS interfaces[0m
[2.408s] [ 32%] [34m[1mGenerating C++ type support for eProsima Fast-RTPS[0m
[2.408s] [ 32%] [34m[1mGenerating C++ type support dispatch for ROS interfaces[0m
[2.409s] [ 38%] [34m[1mGenerating C type support for eProsima Fast-RTPS[0m
[2.409s] [ 38%] [34m[1mGenerating C introspection for ROS interfaces[0m
[2.543s] [ 41%] [32mBuilding CXX object CMakeFiles/broodje_interfaces__rosidl_typesupport_cpp.dir/rosidl_typesupport_cpp/broodje_interfaces/msg/name_number__type_support.cpp.o[0m
[2.544s] [ 44%] [32mBuilding CXX object CMakeFiles/broodje_interfaces__rosidl_typesupport_c.dir/rosidl_typesupport_c/broodje_interfaces/msg/name_number__type_support.cpp.o[0m
[2.552s] [ 47%] [32mBuilding CXX object CMakeFiles/broodje_interfaces__rosidl_typesupport_introspection_cpp.dir/rosidl_typesupport_introspection_cpp/broodje_interfaces/msg/detail/name_number__type_support.cpp.o[0m
[2.555s] [ 50%] [32mBuilding C object CMakeFiles/broodje_interfaces__rosidl_typesupport_introspection_c.dir/rosidl_typesupport_introspection_c/broodje_interfaces/msg/detail/name_number__type_support.c.o[0m
[2.559s] [ 52%] [32mBuilding CXX object CMakeFiles/broodje_interfaces__rosidl_typesupport_fastrtps_cpp.dir/rosidl_typesupport_fastrtps_cpp/broodje_interfaces/msg/detail/dds_fastrtps/name_number__type_support.cpp.o[0m
[2.565s] [ 55%] [32mBuilding CXX object CMakeFiles/broodje_interfaces__rosidl_typesupport_fastrtps_c.dir/rosidl_typesupport_fastrtps_c/broodje_interfaces/msg/detail/name_number__type_support_c.cpp.o[0m
[2.570s] [ 58%] [32m[1mLinking CXX shared library libbroodje_interfaces__rosidl_typesupport_c.so[0m
[2.578s] [ 61%] [32m[1mLinking C shared library libbroodje_interfaces__rosidl_typesupport_introspection_c.so[0m
[2.602s] [ 61%] Built target broodje_interfaces__rosidl_typesupport_c
[2.602s] [ 61%] Built target broodje_interfaces__rosidl_typesupport_introspection_c
[2.709s] [ 64%] [32m[1mLinking CXX shared library libbroodje_interfaces__rosidl_typesupport_cpp.so[0m
[2.716s] [ 67%] [32m[1mLinking CXX shared library libbroodje_interfaces__rosidl_typesupport_introspection_cpp.so[0m
[2.740s] [ 67%] Built target broodje_interfaces__rosidl_typesupport_cpp
[2.760s] [ 67%] Built target broodje_interfaces__rosidl_typesupport_introspection_cpp
[2.802s] [ 70%] [32m[1mLinking CXX shared library libbroodje_interfaces__rosidl_typesupport_fastrtps_cpp.so[0m
[2.808s] [ 73%] [32m[1mLinking CXX shared library libbroodje_interfaces__rosidl_typesupport_fastrtps_c.so[0m
[2.851s] [ 73%] Built target broodje_interfaces__rosidl_typesupport_fastrtps_cpp
[2.856s] [ 73%] Built target broodje_interfaces__rosidl_typesupport_fastrtps_c
[2.870s] [ 73%] Built target broodje_interfaces
[2.886s] [ 76%] [34m[1mGenerating Python code for ROS interfaces[0m
[3.029s] [ 76%] Built target broodje_interfaces__py
[3.046s] [ 79%] [32mBuilding C object CMakeFiles/broodje_interfaces__rosidl_generator_py.dir/rosidl_generator_py/broodje_interfaces/msg/_name_number_s.c.o[0m
[3.112s] [ 82%] [32m[1mLinking C shared library libbroodje_interfaces__rosidl_generator_py.so[0m
[3.140s] [ 82%] Built target broodje_interfaces__rosidl_generator_py
[3.155s] [ 85%] [32mBuilding C object CMakeFiles/broodje_interfaces_s__rosidl_typesupport_introspection_c.dir/rosidl_generator_py/broodje_interfaces/_broodje_interfaces_s.ep.rosidl_typesupport_introspection_c.c.o[0m
[3.156s] [ 88%] [32mBuilding C object CMakeFiles/broodje_interfaces_s__rosidl_typesupport_c.dir/rosidl_generator_py/broodje_interfaces/_broodje_interfaces_s.ep.rosidl_typesupport_c.c.o[0m
[3.156s] [ 91%] [32mBuilding C object CMakeFiles/broodje_interfaces_s__rosidl_typesupport_fastrtps_c.dir/rosidl_generator_py/broodje_interfaces/_broodje_interfaces_s.ep.rosidl_typesupport_fastrtps_c.c.o[0m
[3.213s] [ 97%] [32m[1mLinking C shared module rosidl_generator_py/broodje_interfaces/broodje_interfaces_s__rosidl_typesupport_introspection_c.so[0m
[3.213s] [ 97%] [32m[1mLinking C shared module rosidl_generator_py/broodje_interfaces/broodje_interfaces_s__rosidl_typesupport_c.so[0m
[3.214s] [100%] [32m[1mLinking C shared module rosidl_generator_py/broodje_interfaces/broodje_interfaces_s__rosidl_typesupport_fastrtps_c.so[0m
[3.235s] [100%] Built target broodje_interfaces_s__rosidl_typesupport_c
[3.236s] [100%] Built target broodje_interfaces_s__rosidl_typesupport_introspection_c
[3.237s] [100%] Built target broodje_interfaces_s__rosidl_typesupport_fastrtps_c
[3.245s] Invoked command in '/home/broodjesemih/homework_ws/build/broodje_interfaces' returned '0': CMAKE_PREFIX_PATH=${CMAKE_PREFIX_PATH}:/opt/ros/jazzy /usr/bin/cmake --build /home/broodjesemih/homework_ws/build/broodje_interfaces -- -j20 -l20
[3.252s] Invoking command in '/home/broodjesemih/homework_ws/build/broodje_interfaces': CMAKE_PREFIX_PATH=${CMAKE_PREFIX_PATH}:/opt/ros/jazzy /usr/bin/cmake --install /home/broodjesemih/homework_ws/build/broodje_interfaces
[3.259s] -- Install configuration: ""
[3.259s] -- Installing: /home/broodjesemih/homework_ws/install/broodje_interfaces/share/ament_index/resource_index/rosidl_interfaces/broodje_interfaces
[3.259s] -- Installing: /home/broodjesemih/homework_ws/install/broodje_interfaces/share/broodje_interfaces/msg/NameNumber.json
[3.259s] -- Installing: /home/broodjesemih/homework_ws/install/broodje_interfaces/include/broodje_interfaces/broodje_interfaces
[3.259s] -- Installing: /home/broodjesemih/homework_ws/install/broodje_interfaces/include/broodje_interfaces/broodje_interfaces/msg
[3.259s] -- Installing: /home/broodjesemih/homework_ws/install/broodje_interfaces/include/broodje_interfaces/broodje_interfaces/msg/rosidl_generator_c__visibility_control.h
[3.259s] -- Installing: /home/broodjesemih/homework_ws/install/broodje_interfaces/include/broodje_interfaces/broodje_interfaces/msg/detail
[3.259s] -- Installing: /home/broodjesemih/homework_ws/install/broodje_interfaces/include/broodje_interfaces/broodje_interfaces/msg/detail/name_number__description.c
[3.260s] -- Installing: /home/broodjesemih/homework_ws/install/broodje_interfaces/include/broodje_interfaces/broodje_interfaces/msg/detail/name_number__functions.c
[3.260s] -- Installing: /home/broodjesemih/homework_ws/install/broodje_interfaces/include/broodje_interfaces/broodje_interfaces/msg/detail/name_number__functions.h
[3.260s] -- Installing: /home/broodjesemih/homework_ws/install/broodje_interfaces/include/broodje_interfaces/broodje_interfaces/msg/detail/name_number__struct.h
[3.260s] -- Installing: /home/broodjesemih/homework_ws/install/broodje_interfaces/include/broodje_interfaces/broodje_interfaces/msg/detail/name_number__type_support.h
[3.260s] -- Installing: /home/broodjesemih/homework_ws/install/broodje_interfaces/include/broodje_interfaces/broodje_interfaces/msg/detail/name_number__type_support.c
[3.260s] -- Installing: /home/broodjesemih/homework_ws/install/broodje_interfaces/include/broodje_interfaces/broodje_interfaces/msg/name_number.h
[3.260s] -- Installing: /home/broodjesemih/homework_ws/install/broodje_interfaces/share/broodje_interfaces/environment/library_path.sh
[3.260s] -- Installing: /home/broodjesemih/homework_ws/install/broodje_interfaces/share/broodje_interfaces/environment/library_path.dsv
[3.260s] -- Installing: /home/broodjesemih/homework_ws/install/broodje_interfaces/lib/libbroodje_interfaces__rosidl_generator_c.so
[3.260s] -- Set non-toolchain portion of runtime path of "/home/broodjesemih/homework_ws/install/broodje_interfaces/lib/libbroodje_interfaces__rosidl_generator_c.so" to ""
[3.260s] -- Up-to-date: /home/broodjesemih/homework_ws/install/broodje_interfaces/include/broodje_interfaces/broodje_interfaces
[3.260s] -- Up-to-date: /home/broodjesemih/homework_ws/install/broodje_interfaces/include/broodje_interfaces/broodje_interfaces/msg
[3.260s] -- Up-to-date: /home/broodjesemih/homework_ws/install/broodje_interfaces/include/broodje_interfaces/broodje_interfaces/msg/detail
[3.260s] -- Installing: /home/broodjesemih/homework_ws/install/broodje_interfaces/include/broodje_interfaces/broodje_interfaces/msg/detail/name_number__rosidl_typesupport_fastrtps_c.h
[3.260s] -- Installing: /home/broodjesemih/homework_ws/install/broodje_interfaces/include/broodje_interfaces/broodje_interfaces/msg/rosidl_typesupport_fastrtps_c__visibility_control.h
[3.260s] -- Installing: /home/broodjesemih/homework_ws/install/broodje_interfaces/lib/libbroodje_interfaces__rosidl_typesupport_fastrtps_c.so
[3.260s] -- Set non-toolchain portion of runtime path of "/home/broodjesemih/homework_ws/install/broodje_interfaces/lib/libbroodje_interfaces__rosidl_typesupport_fastrtps_c.so" to ""
[3.260s] -- Up-to-date: /home/broodjesemih/homework_ws/install/broodje_interfaces/include/broodje_interfaces/broodje_interfaces
[3.260s] -- Up-to-date: /home/broodjesemih/homework_ws/install/broodje_interfaces/include/broodje_interfaces/broodje_interfaces/msg
[3.260s] -- Installing: /home/broodjesemih/homework_ws/install/broodje_interfaces/include/broodje_interfaces/broodje_interfaces/msg/rosidl_typesupport_introspection_c__visibility_control.h
[3.260s] -- Up-to-date: /home/broodjesemih/homework_ws/install/broodje_interfaces/include/broodje_interfaces/broodje_interfaces/msg/detail
[3.260s] -- Installing: /home/broodjesemih/homework_ws/install/broodje_interfaces/include/broodje_interfaces/broodje_interfaces/msg/detail/name_number__rosidl_typesupport_introspection_c.h
[3.260s] -- Up-to-date: /home/broodjesemih/homework_ws/install/broodje_interfaces/include/broodje_interfaces/broodje_interfaces/msg/detail/name_number__type_support.c
[3.260s] -- Installing: /home/broodjesemih/homework_ws/install/broodje_interfaces/lib/libbroodje_interfaces__rosidl_typesupport_introspection_c.so
[3.260s] -- Set non-toolchain portion of runtime path of "/home/broodjesemih/homework_ws/install/broodje_interfaces/lib/libbroodje_interfaces__rosidl_typesupport_introspection_c.so" to ""
[3.260s] -- Installing: /home/broodjesemih/homework_ws/install/broodje_interfaces/lib/libbroodje_interfaces__rosidl_typesupport_c.so
[3.260s] -- Set non-toolchain portion of runtime path of "/home/broodjesemih/homework_ws/install/broodje_interfaces/lib/libbroodje_interfaces__rosidl_typesupport_c.so" to ""
[3.260s] -- Up-to-date: /home/broodjesemih/homework_ws/install/broodje_interfaces/include/broodje_interfaces/broodje_interfaces
[3.261s] -- Up-to-date: /home/broodjesemih/homework_ws/install/broodje_interfaces/include/broodje_interfaces/broodje_interfaces/msg
[3.261s] -- Installing: /home/broodjesemih/homework_ws/install/broodje_interfaces/include/broodje_interfaces/broodje_interfaces/msg/rosidl_generator_cpp__visibility_control.hpp
[3.261s] -- Up-to-date: /home/broodjesemih/homework_ws/install/broodje_interfaces/include/broodje_interfaces/broodje_interfaces/msg/detail
[3.261s] -- Installing: /home/broodjesemih/homework_ws/install/broodje_interfaces/include/broodje_interfaces/broodje_interfaces/msg/detail/name_number__builder.hpp
[3.261s] -- Installing: /home/broodjesemih/homework_ws/install/broodje_interfaces/include/broodje_interfaces/broodje_interfaces/msg/detail/name_number__traits.hpp
[3.261s] -- Installing: /home/broodjesemih/homework_ws/install/broodje_interfaces/include/broodje_interfaces/broodje_interfaces/msg/detail/name_number__type_support.hpp
[3.261s] -- Installing: /home/broodjesemih/homework_ws/install/broodje_interfaces/include/broodje_interfaces/broodje_interfaces/msg/detail/name_number__struct.hpp
[3.261s] -- Installing: /home/broodjesemih/homework_ws/install/broodje_interfaces/include/broodje_interfaces/broodje_interfaces/msg/name_number.hpp
[3.261s] -- Up-to-date: /home/broodjesemih/homework_ws/install/broodje_interfaces/include/broodje_interfaces/broodje_interfaces
[3.261s] -- Up-to-date: /home/broodjesemih/homework_ws/install/broodje_interfaces/include/broodje_interfaces/broodje_interfaces/msg
[3.261s] -- Installing: /home/broodjesemih/homework_ws/install/broodje_interfaces/include/broodje_interfaces/broodje_interfaces/msg/rosidl_typesupport_fastrtps_cpp__visibility_control.h
[3.261s] -- Up-to-date: /home/broodjesemih/homework_ws/install/broodje_interfaces/include/broodje_interfaces/broodje_interfaces/msg/detail
[3.261s] -- Installing: /home/broodjesemih/homework_ws/install/broodje_interfaces/include/broodje_interfaces/broodje_interfaces/msg/detail/name_number__rosidl_typesupport_fastrtps_cpp.hpp
[3.261s] -- Installing: /home/broodjesemih/homework_ws/install/broodje_interfaces/include/broodje_interfaces/broodje_interfaces/msg/detail/dds_fastrtps
[3.261s] -- Installing: /home/broodjesemih/homework_ws/install/broodje_interfaces/lib/libbroodje_interfaces__rosidl_typesupport_fastrtps_cpp.so
[3.261s] -- Set non-toolchain portion of runtime path of "/home/broodjesemih/homework_ws/install/broodje_interfaces/lib/libbroodje_interfaces__rosidl_typesupport_fastrtps_cpp.so" to ""
[3.261s] -- Up-to-date: /home/broodjesemih/homework_ws/install/broodje_interfaces/include/broodje_interfaces/broodje_interfaces
[3.261s] -- Up-to-date: /home/broodjesemih/homework_ws/install/broodje_interfaces/include/broodje_interfaces/broodje_interfaces/msg
[3.261s] -- Up-to-date: /home/broodjesemih/homework_ws/install/broodje_interfaces/include/broodje_interfaces/broodje_interfaces/msg/detail
[3.261s] -- Installing: /home/broodjesemih/homework_ws/install/broodje_interfaces/include/broodje_interfaces/broodje_interfaces/msg/detail/name_number__rosidl_typesupport_introspection_cpp.hpp
[3.261s] -- Installing: /home/broodjesemih/homework_ws/install/broodje_interfaces/include/broodje_interfaces/broodje_interfaces/msg/detail/name_number__type_support.cpp
[3.261s] -- Installing: /home/broodjesemih/homework_ws/install/broodje_interfaces/lib/libbroodje_interfaces__rosidl_typesupport_introspection_cpp.so
[3.261s] -- Set non-toolchain portion of runtime path of "/home/broodjesemih/homework_ws/install/broodje_interfaces/lib/libbroodje_interfaces__rosidl_typesupport_introspection_cpp.so" to ""
[3.261s] -- Installing: /home/broodjesemih/homework_ws/install/broodje_interfaces/lib/libbroodje_interfaces__rosidl_typesupport_cpp.so
[3.261s] -- Set non-toolchain portion of runtime path of "/home/broodjesemih/homework_ws/install/broodje_interfaces/lib/libbroodje_interfaces__rosidl_typesupport_cpp.so" to ""
[3.261s] -- Installing: /home/broodjesemih/homework_ws/install/broodje_interfaces/share/broodje_interfaces/environment/pythonpath.sh
[3.261s] -- Installing: /home/broodjesemih/homework_ws/install/broodje_interfaces/share/broodje_interfaces/environment/pythonpath.dsv
[3.261s] -- Installing: /home/broodjesemih/homework_ws/install/broodje_interfaces/lib/python3.12/site-packages/broodje_interfaces-0.0.0-py3.12.egg-info
[3.261s] -- Installing: /home/broodjesemih/homework_ws/install/broodje_interfaces/lib/python3.12/site-packages/broodje_interfaces-0.0.0-py3.12.egg-info/top_level.txt
[3.262s] -- Installing: /home/broodjesemih/homework_ws/install/broodje_interfaces/lib/python3.12/site-packages/broodje_interfaces-0.0.0-py3.12.egg-info/dependency_links.txt
[3.262s] -- Installing: /home/broodjesemih/homework_ws/install/broodje_interfaces/lib/python3.12/site-packages/broodje_interfaces-0.0.0-py3.12.egg-info/SOURCES.txt
[3.262s] -- Installing: /home/broodjesemih/homework_ws/install/broodje_interfaces/lib/python3.12/site-packages/broodje_interfaces-0.0.0-py3.12.egg-info/PKG-INFO
[3.262s] -- Installing: /home/broodjesemih/homework_ws/install/broodje_interfaces/lib/python3.12/site-packages/broodje_interfaces
[3.262s] -- Installing: /home/broodjesemih/homework_ws/install/broodje_interfaces/lib/python3.12/site-packages/broodje_interfaces/_broodje_interfaces_s.ep.rosidl_typesupport_introspection_c.c
[3.262s] -- Installing: /home/broodjesemih/homework_ws/install/broodje_interfaces/lib/python3.12/site-packages/broodje_interfaces/_broodje_interfaces_s.ep.rosidl_typesupport_c.c
[3.262s] -- Installing: /home/broodjesemih/homework_ws/install/broodje_interfaces/lib/python3.12/site-packages/broodje_interfaces/broodje_interfaces_s__rosidl_typesupport_c.so
[3.262s] -- Installing: /home/broodjesemih/homework_ws/install/broodje_interfaces/lib/python3.12/site-packages/broodje_interfaces/msg
[3.262s] -- Installing: /home/broodjesemih/homework_ws/install/broodje_interfaces/lib/python3.12/site-packages/broodje_interfaces/msg/_name_number.py
[3.262s] -- Installing: /home/broodjesemih/homework_ws/install/broodje_interfaces/lib/python3.12/site-packages/broodje_interfaces/msg/_name_number_s.c
[3.262s] -- Installing: /home/broodjesemih/homework_ws/install/broodje_interfaces/lib/python3.12/site-packages/broodje_interfaces/msg/__init__.py
[3.262s] -- Installing: /home/broodjesemih/homework_ws/install/broodje_interfaces/lib/python3.12/site-packages/broodje_interfaces/broodje_interfaces_s__rosidl_typesupport_fastrtps_c.so
[3.262s] -- Installing: /home/broodjesemih/homework_ws/install/broodje_interfaces/lib/python3.12/site-packages/broodje_interfaces/_broodje_interfaces_s.ep.rosidl_typesupport_fastrtps_c.c
[3.262s] -- Installing: /home/broodjesemih/homework_ws/install/broodje_interfaces/lib/python3.12/site-packages/broodje_interfaces/broodje_interfaces_s__rosidl_typesupport_introspection_c.so
[3.262s] -- Installing: /home/broodjesemih/homework_ws/install/broodje_interfaces/lib/python3.12/site-packages/broodje_interfaces/__init__.py
[3.285s] Listing '/home/broodjesemih/homework_ws/install/broodje_interfaces/lib/python3.12/site-packages/broodje_interfaces'...
[3.285s] Compiling '/home/broodjesemih/homework_ws/install/broodje_interfaces/lib/python3.12/site-packages/broodje_interfaces/__init__.py'...
[3.285s] Listing '/home/broodjesemih/homework_ws/install/broodje_interfaces/lib/python3.12/site-packages/broodje_interfaces/msg'...
[3.286s] Compiling '/home/broodjesemih/homework_ws/install/broodje_interfaces/lib/python3.12/site-packages/broodje_interfaces/msg/__init__.py'...
[3.286s] Compiling '/home/broodjesemih/homework_ws/install/broodje_interfaces/lib/python3.12/site-packages/broodje_interfaces/msg/_name_number.py'...
[3.289s] -- Installing: /home/broodjesemih/homework_ws/install/broodje_interfaces/lib/python3.12/site-packages/broodje_interfaces/broodje_interfaces_s__rosidl_typesupport_fastrtps_c.so
[3.289s] -- Set non-toolchain portion of runtime path of "/home/broodjesemih/homework_ws/install/broodje_interfaces/lib/python3.12/site-packages/broodje_interfaces/broodje_interfaces_s__rosidl_typesupport_fastrtps_c.so" to ""
[3.289s] -- Installing: /home/broodjesemih/homework_ws/install/broodje_interfaces/lib/python3.12/site-packages/broodje_interfaces/broodje_interfaces_s__rosidl_typesupport_introspection_c.so
[3.289s] -- Set non-toolchain portion of runtime path of "/home/broodjesemih/homework_ws/install/broodje_interfaces/lib/python3.12/site-packages/broodje_interfaces/broodje_interfaces_s__rosidl_typesupport_introspection_c.so" to ""
[3.289s] -- Installing: /home/broodjesemih/homework_ws/install/broodje_interfaces/lib/python3.12/site-packages/broodje_interfaces/broodje_interfaces_s__rosidl_typesupport_c.so
[3.289s] -- Set non-toolchain portion of runtime path of "/home/broodjesemih/homework_ws/install/broodje_interfaces/lib/python3.12/site-packages/broodje_interfaces/broodje_interfaces_s__rosidl_typesupport_c.so" to ""
[3.289s] -- Installing: /home/broodjesemih/homework_ws/install/broodje_interfaces/lib/libbroodje_interfaces__rosidl_generator_py.so
[3.289s] -- Set non-toolchain portion of runtime path of "/home/broodjesemih/homework_ws/install/broodje_interfaces/lib/libbroodje_interfaces__rosidl_generator_py.so" to ""
[3.290s] -- Installing: /home/broodjesemih/homework_ws/install/broodje_interfaces/share/broodje_interfaces/msg/NameNumber.idl
[3.290s] -- Installing: /home/broodjesemih/homework_ws/install/broodje_interfaces/share/broodje_interfaces/msg/NameNumber.msg
[3.290s] -- Installing: /home/broodjesemih/homework_ws/install/broodje_interfaces/share/ament_index/resource_index/package_run_dependencies/broodje_interfaces
[3.290s] -- Installing: /home/broodjesemih/homework_ws/install/broodje_interfaces/share/ament_index/resource_index/parent_prefix_path/broodje_interfaces
[3.290s] -- Installing: /home/broodjesemih/homework_ws/install/broodje_interfaces/share/broodje_interfaces/environment/ament_prefix_path.sh
[3.290s] -- Installing: /home/broodjesemih/homework_ws/install/broodje_interfaces/share/broodje_interfaces/environment/ament_prefix_path.dsv
[3.290s] -- Installing: /home/broodjesemih/homework_ws/install/broodje_interfaces/share/broodje_interfaces/environment/path.sh
[3.290s] -- Installing: /home/broodjesemih/homework_ws/install/broodje_interfaces/share/broodje_interfaces/environment/path.dsv
[3.290s] -- Installing: /home/broodjesemih/homework_ws/install/broodje_interfaces/share/broodje_interfaces/local_setup.bash
[3.290s] -- Installing: /home/broodjesemih/homework_ws/install/broodje_interfaces/share/broodje_interfaces/local_setup.sh
[3.290s] -- Installing: /home/broodjesemih/homework_ws/install/broodje_interfaces/share/broodje_interfaces/local_setup.zsh
[3.290s] -- Installing: /home/broodjesemih/homework_ws/install/broodje_interfaces/share/broodje_interfaces/local_setup.dsv
[3.290s] -- Installing: /home/broodjesemih/homework_ws/install/broodje_interfaces/share/broodje_interfaces/package.dsv
[3.290s] -- Installing: /home/broodjesemih/homework_ws/install/broodje_interfaces/share/ament_index/resource_index/packages/broodje_interfaces
[3.290s] -- Installing: /home/broodjesemih/homework_ws/install/broodje_interfaces/share/broodje_interfaces/cmake/export_broodje_interfaces__rosidl_generator_cExport.cmake
[3.290s] -- Installing: /home/broodjesemih/homework_ws/install/broodje_interfaces/share/broodje_interfaces/cmake/export_broodje_interfaces__rosidl_generator_cExport-noconfig.cmake
[3.291s] -- Installing: /home/broodjesemih/homework_ws/install/broodje_interfaces/share/broodje_interfaces/cmake/export_broodje_interfaces__rosidl_typesupport_fastrtps_cExport.cmake
[3.291s] -- Installing: /home/broodjesemih/homework_ws/install/broodje_interfaces/share/broodje_interfaces/cmake/export_broodje_interfaces__rosidl_typesupport_fastrtps_cExport-noconfig.cmake
[3.291s] -- Installing: /home/broodjesemih/homework_ws/install/broodje_interfaces/share/broodje_interfaces/cmake/broodje_interfaces__rosidl_typesupport_introspection_cExport.cmake
[3.291s] -- Installing: /home/broodjesemih/homework_ws/install/broodje_interfaces/share/broodje_interfaces/cmake/broodje_interfaces__rosidl_typesupport_introspection_cExport-noconfig.cmake
[3.291s] -- Installing: /home/broodjesemih/homework_ws/install/broodje_interfaces/share/broodje_interfaces/cmake/broodje_interfaces__rosidl_typesupport_cExport.cmake
[3.291s] -- Installing: /home/broodjesemih/homework_ws/install/broodje_interfaces/share/broodje_interfaces/cmake/broodje_interfaces__rosidl_typesupport_cExport-noconfig.cmake
[3.291s] -- Installing: /home/broodjesemih/homework_ws/install/broodje_interfaces/share/broodje_interfaces/cmake/export_broodje_interfaces__rosidl_generator_cppExport.cmake
[3.291s] -- Installing: /home/broodjesemih/homework_ws/install/broodje_interfaces/share/broodje_interfaces/cmake/export_broodje_interfaces__rosidl_typesupport_fastrtps_cppExport.cmake
[3.291s] -- Installing: /home/broodjesemih/homework_ws/install/broodje_interfaces/share/broodje_interfaces/cmake/export_broodje_interfaces__rosidl_typesupport_fastrtps_cppExport-noconfig.cmake
[3.291s] -- Installing: /home/broodjesemih/homework_ws/install/broodje_interfaces/share/broodje_interfaces/cmake/broodje_interfaces__rosidl_typesupport_introspection_cppExport.cmake
[3.291s] -- Installing: /home/broodjesemih/homework_ws/install/broodje_interfaces/share/broodje_interfaces/cmake/broodje_interfaces__rosidl_typesupport_introspection_cppExport-noconfig.cmake
[3.291s] -- Installing: /home/broodjesemih/homework_ws/install/broodje_interfaces/share/broodje_interfaces/cmake/broodje_interfaces__rosidl_typesupport_cppExport.cmake
[3.291s] -- Installing: /home/broodjesemih/homework_ws/install/broodje_interfaces/share/broodje_interfaces/cmake/broodje_interfaces__rosidl_typesupport_cppExport-noconfig.cmake
[3.291s] -- Installing: /home/broodjesemih/homework_ws/install/broodje_interfaces/share/broodje_interfaces/cmake/export_broodje_interfaces__rosidl_generator_pyExport.cmake
[3.291s] -- Installing: /home/broodjesemih/homework_ws/install/broodje_interfaces/share/broodje_interfaces/cmake/export_broodje_interfaces__rosidl_generator_pyExport-noconfig.cmake
[3.291s] -- Installing: /home/broodjesemih/homework_ws/install/broodje_interfaces/share/broodje_interfaces/cmake/rosidl_cmake-extras.cmake
[3.291s] -- Installing: /home/broodjesemih/homework_ws/install/broodje_interfaces/share/broodje_interfaces/cmake/ament_cmake_export_include_directories-extras.cmake
[3.291s] -- Installing: /home/broodjesemih/homework_ws/install/broodje_interfaces/share/broodje_interfaces/cmake/ament_cmake_export_libraries-extras.cmake
[3.291s] -- Installing: /home/broodjesemih/homework_ws/install/broodje_interfaces/share/broodje_interfaces/cmake/ament_cmake_export_targets-extras.cmake
[3.291s] -- Installing: /home/broodjesemih/homework_ws/install/broodje_interfaces/share/broodje_interfaces/cmake/rosidl_cmake_export_typesupport_targets-extras.cmake
[3.292s] -- Installing: /home/broodjesemih/homework_ws/install/broodje_interfaces/share/broodje_interfaces/cmake/ament_cmake_export_dependencies-extras.cmake
[3.292s] -- Installing: /home/broodjesemih/homework_ws/install/broodje_interfaces/share/broodje_interfaces/cmake/rosidl_cmake_export_typesupport_libraries-extras.cmake
[3.292s] -- Installing: /home/broodjesemih/homework_ws/install/broodje_interfaces/share/broodje_interfaces/cmake/broodje_interfacesConfig.cmake
[3.292s] -- Installing: /home/broodjesemih/homework_ws/install/broodje_interfaces/share/broodje_interfaces/cmake/broodje_interfacesConfig-version.cmake
[3.292s] -- Installing: /home/broodjesemih/homework_ws/install/broodje_interfaces/share/broodje_interfaces/package.xml
[3.293s] Invoked command in '/home/broodjesemih/homework_ws/build/broodje_interfaces' returned '0': CMAKE_PREFIX_PATH=${CMAKE_PREFIX_PATH}:/opt/ros/jazzy /usr/bin/cmake --install /home/broodjesemih/homework_ws/build/broodje_interfaces
